qid,WChoice,NumMachine,NumForEach,k,LevelRs,Pivots,RepeatTime,MatCost,NaiveCost,Cost,QCost,EstResSite
965203,NULL,200,500,1,34_7_2_2_2_2_1,25_50_75_100_125_150_175_200_225_256,0,32640,51401,7622,6225,NULL
539018,NULL,200,500,1,175_60_24_10_7_7_5_4_2_2_2_2_1,12_25_38_51_64_77_90_103_116_129_142_155_168_181_194_207_220_233_256,1,32640,51401,8701,6300,200.0_193.36_186.72_180.08_173.44_166.8_160.16_153.52_146.88_140.24_133.6_126.96_120.32_113.68_107.04_100.4_93.76_87.12_80.48_73.84_67.2_60.56_53.92_47.28_40.64_34.0_32.92_31.84_30.76_29.68_28.6_27.52_26.44_25.36_24.28_23.2_22.12_21.04_19.96_18.88_17.8_16.72_15.64_14.56_13.48_12.4_11.32_10.24_9.16_8.08_7.0_6.8_6.6_6.4_6.2_6.0_5.8_5.6_5.4_5.2_5.0_4.8_4.6_4.4_4.2_4.0_3.8_3.6_3.4_3.2_3.0_2.8_2.6_2.4_2.2_2.0_2.0_2.0_2.0_2.0_2.0_2.0_2.0_2.0_2.0_2.0_2.0_2.0_2.0_2.0_2.0_2.0_2.0_2.0_2.0_2.0_2.0_2.0_2.0_2.0_2.0_2.0_2.0_2.0_2.0_2.0_2.0_2.0_2.0_2.0_2.0_2.0_2.0_2.0_2.0_2.0_2.0_2.0_2.0_2.0_2.0_2.0_2.0_2.0_2.0_2.0_2.0_2.0_2.0_2.0_2.0_2.0_2.0_2.0_2.0_2.0_2.0_2.0_2.0_2.0_2.0_2.0_2.0_2.0_2.0_2.0_2.0_2.0_2.0_2.0_2.0_1.96_1.92_1.88_1.84_1.8_1.76_1.72_1.68_1.64_1.6_1.56_1.52_1.48_1.44_1.4_1.36_1.32_1.28_1.24_1.2_1.16_1.12_1.08_1.04_1.0_1.0_1.0_1.0_1.0_1.0_1.0_1.0_1.0_1.0_1.0_1.0_1.0_1.0_1.0_1.0_1.0_1.0_1.0_1.0_1.0_1.0_1.0_1.0_1.0_1.0_1.0_1.0_1.0_1.0_1.0_1.0_1.0_1.0_1.0_1.0_1.0_1.0_1.0_1.0_1.0_1.0_1.0_1.0_1.0_1.0_1.0_1.0_1.0_1.0_1.0_1.0_1.0_1.0_1.0_1.0_1.0_1.0_1.0_1.0_1.0_1.0_1.0_1.0_1.0_1.0_1.0_1.0_1.0_1.0_1.0_1.0_1.0_1.0_1.0_1.0_1.0_1.0_1.0_1.0_1.0_1.0
553452,NULL,200,500,1,185_42_19_6_2_2_1,12_25_38_51_64_77_90_103_116_129_142_155_168_181_194_207_220_233_256,2,32640,51401,7953,5728,-1
474849,NULL,200,500,1,99_43_24_14_8_5_1_1_1,17_25_33_41_49_57_65_73_81_89_97_105_113_121_129_137_145_153_161_169_177_185_193_201_209_217_225_233_241_256,3,32640,51401,6941,4960,-1
189013,NULL,200,500,1,152_73_24_16_14_10_7_5_5_5_3_2_2_1,17_25_33_41_49_57_65_73_81_89_97_105_113_121_129_137_145_153_161_169_177_185_193_201_209_217_225_233_241_256,4,32640,51401,8417,5944,-1
37540,NULL,200,500,1,193_107_42_22_13_9_7_3_3_3_3_2_2_2_2_2_2_2_2_2_2_2_2_2_2_2_2_2_2_1,17_25_33_41_49_57_65_73_81_89_97_105_113_121_129_137_145_153_161_169_177_185_193_201_209_217_225_233_241_256,5,32640,51401,9907,6942,-1
397715,NULL,200,500,1,42_16_11_7_5_4_3_3_3_2_1,19_27_35_43_51_59_67_75_83_91_99_107_115_123_131_139_147_155_163_171_179_187_195_203_211_219_227_235_243_256,6,32640,51401,6153,4568,-1
503696,NULL,200,500,1,195_164_86_55_42_31_10_8_4_3_2_2_2_2_2_2_2_2_2_2_2_2_2_2_2_2_2_2_1,17_25_33_41_49_57_65_73_81_89_97_105_113_121_129_137_145_153_161_169_177_185_193_201_209_217_225_233_241_256,7,32640,51401,12209,8472,-1
775155,NULL,200,500,1,31_15_11_5_5_4_4_3_3_3_3_2_2_2_2_2_2_1,22_33_44_55_66_77_88_99_110_121_132_143_154_165_176_187_198_209_220_231_242_256,8,32640,51401,7086,5489,-1
339562,NULL,200,500,1,200_200_197_179_148_128_107_76_75_54_50_41_14_14_11_11_11_11_11_11_11_11,21_32_43_54_65_76_87_98_109_120_131_142_153_164_175_186_197_208_219_230_241_256,9,32640,51401,28855,21404,-1
969910,NULL,200,500,1,42_18_11_8_6_5_4_4_3_3_3_3_3_3_2_2_1,22_36_50_64_78_92_106_120_134_148_162_176_190_204_218_232_256,10,32640,51401,7781,6100,-1
112810,NULL,200,500,1,117_32_16_12_7_5_4_3_3_3_3_2_2_1,22_36_50_64_78_92_106_120_134_148_162_176_190_204_218_232_256,11,32640,51401,9363,7326,-1
657243,NULL,200,500,1,55_19_10_9_7_5_4_2_1,22_36_50_64_78_92_106_120_134_148_162_176_190_204_218_232_256,12,32640,51401,7599,5954,-1
28686,NULL,200,500,1,45_23_8_6_6_4_4_4_4_3_3_2_2_2_2_2_1,22_36_50_64_78_92_106_120_134_148_162_176_190_204_218_232_256,13,32640,51401,7781,6100,-1
219726,NULL,200,500,1,44_14_7_5_3_3_2_2_1,22_36_50_64_78_92_106_120_134_148_162_176_190_204_218_232_256,14,32640,51401,7041,5520,-1
127643,NULL,200,500,1,49_21_7_4_2_2_2_2_2_2_1,21_35_49_63_77_91_105_119_133_147_161_175_189_203_217_231_256,15,32640,51401,7075,5502,-1
978083,NULL,200,500,1,199_178_160_118_85_60_35_35_35_26_23_18_9_9_1,21_35_49_63_77_91_105_119_133_147_161_175_189_203_217_231_256,16,32640,51401,23221,18060,-1
678971,NULL,200,500,1,60_17_9_7_5_4_3_3_3_3_3_2_2_2_2_1,21_35_49_63_77_91_105_119_133_147_161_175_189_203_217_231_256,17,32640,51401,7651,5950,-1
554003,NULL,200,500,1,27_9_5_4_3_2_2_1,21_35_49_63_77_91_105_119_133_147_161_175_189_203_217_231_256,18,32640,51401,6337,4928,-1
862445,NULL,200,500,1,54_16_6_2_2_2_1,21_35_49_63_77_91_105_119_133_147_161_175_189_203_217_231_256,19,32640,51401,6877,5348,-1
952403,NULL,200,500,1,45_11_2_1,21_35_49_63_77_91_105_119_133_147_161_175_189_203_217_231_256,20,32640,51401,6445,5012,-1
377205,NULL,200,500,1,39_13_5_5_4_3_3_3_2_2_2_2_2_1,21_35_49_63_77_91_105_119_133_147_161_175_189_203_217_231_256,21,32640,51401,6931,5390,-1
861812,NULL,200,500,1,163_60_17_6_2_1,21_35_49_63_77_91_105_119_133_147_161_175_189_203_217_231_256,22,32640,51401,9865,7672,-1
290022,NULL,200,500,1,136_58_28_17_14_9_6_4_4_2_2_2_2_2_2_1,21_35_49_63_77_91_105_119_133_147_161_175_189_203_217_231_256,23,32640,51401,10585,8232,-1
703940,NULL,200,500,1,67_15_5_3_3_3_3_2_2_2_2_2_2_1,21_35_49_63_77_91_105_119_133_147_161_175_189_203_217_231_256,24,32640,51401,7399,5754,-1
828320,NULL,200,500,1,87_10_6_4_3_3_3_2_2_2_1,21_35_49_63_77_91_105_119_133_147_161_175_189_203_217_231_256,25,32640,51401,7597,5908,-1
377732,NULL,200,500,1,200_200_191_150_70_16_8_8_8_8_8_8_8_8_8_8_8,21_35_49_63_77_91_105_119_133_147_161_175_189_203_217_231_256,26,32640,51401,21822,16986,-1
656053,NULL,200,500,1,57_30_16_12_10_7_7_6_5_5_3_2_1,21_35_49_63_77_91_105_119_133_147_161_175_189_203_217_231_256,27,32640,51401,8281,6440,-1
729727,NULL,200,500,1,85_33_21_11_8_4_3_3_3_3_2_2_2_2_2_1,21_35_49_63_77_91_105_119_133_147_161_175_189_203_217_231_256,28,32640,51401,8713,6776,-1
88384,NULL,200,500,1,142_44_21_18_16_12_7_6_5_5_4_4_2_1,21_35_49_63_77_91_105_119_133_147_161_175_189_203_217_231_256,29,32640,51401,10549,8204,-1
761778,NULL,200,500,1,120_45_24_12_9_8_6_5_3_3_3_3_1,21_35_49_63_77_91_105_119_133_147_161_175_189_203_217_231_256,30,32640,51401,9739,7574,-1
195890,NULL,200,500,1,106_34_18_14_10_6_6_5_4_4_4_4_4_4_3_3_1,21_35_49_63_77_91_105_119_133_147_161_175_189_203_217_231_256,31,32640,51401,9556,7439,-1
289810,NULL,200,500,1,55_11_5_3_2_2_1,21_35_49_63_77_91_105_119_133_147_161_175_189_203_217_231_256,32,32640,51401,6805,5292,-1
241210,NULL,200,500,1,41_15_6_5_3_3_2_2_2_2_1,21_35_49_63_77_91_105_119_133_147_161_175_189_203_217_231_256,33,32640,51401,6859,5334,-1
284534,NULL,200,500,1,62_21_7_6_6_4_3_3_2_2_2_2_2_2_2_2_1,21_35_49_63_77_91_105_119_133_147_161_175_189_203_217_231_256,34,32640,51401,7727,6014,-1
943446,NULL,200,500,1,86_36_9_7_5_2_2_2_2_2_2_1,21_35_49_63_77_91_105_119_133_147_161_175_189_203_217_231_256,35,32640,51401,8191,6370,-1
433380,NULL,200,500,1,26_5_4_1,21_35_49_63_77_91_105_119_133_147_161_175_189_203_217_231_256,36,32640,51401,6031,4690,-1
856617,NULL,200,500,1,105_36_14_11_7_6_5_5_5_4_4_3_3_2_2_2_1,21_35_49_63_77_91_105_119_133_147_161_175_189_203_217_231_256,37,32640,51401,9275,7218,-1
136763,NULL,200,500,1,50_17_10_6_5_5_4_3_2_2_2_2_2_2_1,21_35_49_63_77_91_105_119_133_147_161_175_189_203_217_231_256,38,32640,51401,7417,5768,-1
248038,NULL,200,500,1,21_10_7_4_2_2_2_2_2_2_2_2_2_2_2_1,21_35_49_63_77_91_105_119_133_147_161_175_189_203_217_231_256,39,32640,51401,6553,5096,-1
11616,NULL,200,500,1,96_39_16_9_9_6_3_3_3_3_3_3_3_2_2_2_1,21_35_49_63_77_91_105_119_133_147_161_175_189_203_217_231_256,40,32640,51401,9059,7050,-1
473199,NULL,200,500,1,55_15_7_5_5_5_5_5_4_4_2_2_1,21_35_49_63_77_91_105_119_133_147_161_175_189_203_217_231_256,41,32640,51401,7453,5796,-1
950427,NULL,200,500,1,66_26_19_13_8_6_4_3_2_2_2_2_2_2_2_2_1,21_35_49_63_77_91_105_119_133_147_161_175_189_203_217_231_256,42,32640,51401,8321,6476,-1
520071,NULL,200,500,1,114_26_13_10_9_7_4_4_3_1,21_35_49_63_77_91_105_119_133_147_161_175_189_203_217_231_256,43,32640,51401,8821,6860,-1
719362,NULL,200,500,1,58_19_7_6_5_4_4_4_4_2_2_2_2_2_2_2_1,21_35_49_63_77_91_105_119_133_147_161_175_189_203_217_231_256,44,32640,51401,7673,5972,-1
163538,NULL,200,500,1,78_32_21_14_11_10_9_7_6_5_4_3_3_2_2_2_1,21_35_49_63_77_91_105_119_133_147_161_175_189_203_217_231_256,45,32640,51401,9185,7148,-1
59585,NULL,200,500,1,116_25_8_7_5_4_3_3_3_2_2_1,21_35_49_63_77_91_105_119_133_147_161_175_189_203_217_231_256,46,32640,51401,8605,6692,-1
223269,NULL,200,500,1,60_12_5_2_1,21_35_49_63_77_91_105_119_133_147_161_175_189_203_217_231_256,47,32640,51401,6823,5306,-1
952670,NULL,200,500,1,34_11_9_6_3_3_3_2_1,21_35_49_63_77_91_105_119_133_147_161_175_189_203_217_231_256,48,32640,51401,6679,5194,-1
697235,NULL,200,500,1,77_25_17_10_7_4_4_4_4_4_3_3_3_2_2_1,21_35_49_63_77_91_105_119_133_147_161_175_189_203_217_231_256,49,32640,51401,8443,6566,-1
929771,NULL,200,500,1,138_50_26_13_5_1,21_35_49_63_77_91_105_119_133_147_161_175_189_203_217_231_256,50,32640,51401,9577,7448,-1
774914,NULL,200,500,1,66_11_5_5_5_4_4_3_2_2_2_1,21_35_49_63_77_91_105_119_133_147_161_175_189_203_217_231_256,51,32640,51401,7363,5726,-1
260829,NULL,200,500,1,96_31_8_3_2_2_2_2_2_2_2_2_2_1,21_35_49_63_77_91_105_119_133_147_161_175_189_203_217_231_256,52,32640,51401,8209,6384,-1
191362,NULL,200,500,1,44_9_4_1,21_35_49_63_77_91_105_119_133_147_161_175_189_203_217_231_256,53,32640,51401,6427,4998,-1
612630,NULL,200,500,1,105_34_14_6_3_2_2_2_1,21_35_49_63_77_91_105_119_133_147_161_175_189_203_217_231_256,54,32640,51401,8425,6552,-1
141531,NULL,200,500,1,134_33_18_13_13_10_7_4_3_3_3_2_2_1,21_35_49_63_77_91_105_119_133_147_161_175_189_203_217_231_256,55,32640,51401,9811,7630,-1
484078,NULL,200,500,1,200_200_199_194_153_106_83_74_33_16_2_2_2_2_2_2_2,21_35_49_63_77_91_105_119_133_147_161_175_189_203_217_231_256,56,32640,51401,28284,22002,-1
538094,NULL,200,500,1,37_9_5_3_3_2_2_2_1,21_35_49_63_77_91_105_119_133_147_161_175_189_203_217_231_256,57,32640,51401,6535,5082,-1
252498,NULL,200,500,1,32_11_5_5_5_3_2_2_1,21_35_49_63_77_91_105_119_133_147_161_175_189_203_217_231_256,58,32640,51401,6571,5110,-1
971107,NULL,200,500,1,56_19_11_7_5_4_4_2_2_2_2_2_2_2_1,21_35_49_63_77_91_105_119_133_147_161_175_189_203_217_231_256,59,32640,51401,7561,5880,-1
58347,NULL,200,500,1,16_1,21_35_49_63_77_91_105_119_133_147_161_175_189_203_217_231_256,60,32640,51401,5689,4424,-1
924362,NULL,200,500,1,21_13_10_4_3_2_2_2_2_2_2_2_2_1,21_35_49_63_77_91_105_119_133_147_161_175_189_203_217_231_256,61,32640,51401,6607,5138,-1
40403,NULL,200,500,1,139_28_20_14_10_8_7_7_7_3_3_3_3_3_3_3_1,21_35_49_63_77_91_105_119_133_147_161_175_189_203_217_231_256,62,32640,51401,10132,7887,-1
967967,NULL,200,500,1,62_19_11_6_5_4_4_2_2_2_1,21_35_49_63_77_91_105_119_133_147_161_175_189_203_217_231_256,63,32640,51401,7507,5838,-1
410442,NULL,200,500,1,177_91_31_13_6_5_4_3_3_2_2_2_1,21_35_49_63_77_91_105_119_133_147_161_175_189_203_217_231_256,64,32640,51401,11503,8946,-1
151599,NULL,200,500,1,10_4_3_2_2_2_2_2_1,21_35_49_63_77_91_105_119_133_147_161_175_189_203_217_231_256,65,32640,51401,5887,4578,-1
624679,NULL,200,500,1,28_9_4_3_3_2_2_2_1,21_35_49_63_77_91_105_119_133_147_161_175_189_203_217_231_256,66,32640,51401,6355,4942,-1
708184,NULL,200,500,1,47_8_5_4_1,21_35_49_63_77_91_105_119_133_147_161_175_189_203_217_231_256,67,32640,51401,6553,5096,-1
396424,NULL,200,500,1,132_24_5_2_2_1,21_35_49_63_77_91_105_119_133_147_161_175_189_203_217_231_256,68,32640,51401,8371,6510,-1
476106,NULL,200,500,1,113_45_20_14_10_8_8_7_3_2_2_2_2_1,21_35_49_63_77_91_105_119_133_147_161_175_189_203_217_231_256,69,32640,51401,9649,7504,-1
667539,NULL,200,500,1,63_15_5_3_3_2_2_2_2_2_2_1,21_35_49_63_77_91_105_119_133_147_161_175_189_203_217_231_256,70,32640,51401,7219,5614,-1
273583,NULL,200,500,1,40_20_5_3_2_2_2_2_2_1,21_35_49_63_77_91_105_119_133_147_161_175_189_203_217_231_256,71,32640,51401,6805,5292,-1
312416,NULL,200,500,1,170_71_33_18_12_7_5_4_4_2_2_2_2_1,21_35_49_63_77_91_105_119_133_147_161_175_189_203_217_231_256,72,32640,51401,11377,8848,-1
698699,NULL,200,500,1,21_6_2_1,21_35_49_63_77_91_105_119_133_147_161_175_189_203_217_231_256,73,32640,51401,5923,4606,-1
455863,NULL,200,500,1,63_14_2_1,21_35_49_63_77_91_105_119_133_147_161_175_189_203_217_231_256,74,32640,51401,6823,5306,-1
834472,NULL,200,500,1,50_22_9_6_5_5_4_4_3_3_2_2_2_1,21_35_49_63_77_91_105_119_133_147_161_175_189_203_217_231_256,75,32640,51401,7507,5838,-1
445837,NULL,200,500,1,38_13_8_7_3_3_3_3_2_2_2_2_1,21_35_49_63_77_91_105_119_133_147_161_175_189_203_217_231_256,76,32640,51401,6949,5404,-1
725741,NULL,200,500,1,36_9_6_4_3_2_1,21_35_49_63_77_91_105_119_133_147_161_175_189_203_217_231_256,77,32640,51401,6481,5040,-1
545746,NULL,200,500,1,37_17_2_1,21_35_49_63_77_91_105_119_133_147_161_175_189_203_217_231_256,78,32640,51401,6409,4984,-1
238518,NULL,200,500,1,200_200_200_189_172_110_88_86_64_51_40_37_20_9_2_2_2,21_35_49_63_77_91_105_119_133_147_161_175_189_203_217_231_256,79,32640,51401,31884,24802,-1
364423,NULL,200,500,1,40_14_7_4_3_2_2_2_2_2_2_2_2_2_2_1,21_35_49_63_77_91_105_119_133_147_161_175_189_203_217_231_256,80,32640,51401,6985,5432,-1
558270,NULL,200,500,1,72_32_13_4_3_2_2_2_2_1,21_35_49_63_77_91_105_119_133_147_161_175_189_203_217_231_256,81,32640,51401,7777,6048,-1
472558,NULL,200,500,1,118_49_27_12_8_5_4_3_3_2_2_2_2_2_2_1,21_35_49_63_77_91_105_119_133_147_161_175_189_203_217_231_256,82,32640,51401,9739,7574,-1
704357,NULL,200,500,1,67_29_9_5_3_2_1,21_35_49_63_77_91_105_119_133_147_161_175_189_203_217_231_256,83,32640,51401,7471,5810,-1
674000,NULL,200,500,1,81_27_13_6_4_3_2_1,21_35_49_63_77_91_105_119_133_147_161_175_189_203_217_231_256,84,32640,51401,7849,6104,-1
694542,NULL,200,500,1,93_15_8_3_2_2_2_1,21_35_49_63_77_91_105_119_133_147_161_175_189_203_217_231_256,85,32640,51401,7651,5950,-1
243894,NULL,200,500,1,200_199_195_177_88_75_62_47_45_40_40_40_40_40_40_3_1,21_35_49_63_77_91_105_119_133_147_161_175_189_203_217_231_256,86,32640,51401,29392,22867,-1
867001,NULL,200,500,1,200_200_200_194_156_110_96_29_11_11_11_11_11_11_11_11_11,21_35_49_63_77_91_105_119_133_147_161_175_189_203_217_231_256,87,32640,51401,28446,22143,-1
914365,NULL,200,500,1,55_25_9_8_4_2_2_2_2_1,21_35_49_63_77_91_105_119_133_147_161_175_189_203_217_231_256,88,32640,51401,7363,5726,-1
357978,NULL,200,500,1,68_24_16_8_4_3_3_3_3_2_1,21_35_49_63_77_91_105_119_133_147_161_175_189_203_217_231_256,89,32640,51401,7813,6076,-1
902002,NULL,200,500,1,171_57_13_6_5_5_3_3_2_2_2_2_2_1,21_35_49_63_77_91_105_119_133_147_161_175_189_203_217_231_256,90,32640,51401,10315,8022,-1
476449,NULL,200,500,1,123_49_20_12_10_7_5_3_3_2_2_2_2_2_2_2_1,21_35_49_63_77_91_105_119_133_147_161_175_189_203_217_231_256,91,32640,51401,9851,7666,-1
271658,NULL,200,500,1,78_15_6_5_5_3_2_1,21_35_49_63_77_91_105_119_133_147_161_175_189_203_217_231_256,92,32640,51401,7453,5796,-1
62404,NULL,200,500,1,86_31_17_10_7_4_3_3_3_1,21_35_49_63_77_91_105_119_133_147_161_175_189_203_217_231_256,93,32640,51401,8353,6496,-1
686552,NULL,200,500,1,45_6_3_3_2_2_2_2_2_2_2_1,21_35_49_63_77_91_105_119_133_147_161_175_189_203_217_231_256,94,32640,51401,6679,5194,-1
687927,NULL,200,500,1,15_5_4_2_1,21_35_49_63_77_91_105_119_133_147_161_175_189_203_217_231_256,95,32640,51401,5869,4564,-1
659246,NULL,200,500,1,56_17_8_6_3_2_2_1,21_35_49_63_77_91_105_119_133_147_161_175_189_203_217_231_256,96,32640,51401,7093,5516,-1
423300,NULL,200,500,1,92_6_4_4_4_3_3_3_1,21_35_49_63_77_91_105_119_133_147_161_175_189_203_217_231_256,97,32640,51401,7543,5866,-1
96253,NULL,200,500,1,84_28_5_2_2_2_2_2_2_2_1,21_35_49_63_77_91_105_119_133_147_161_175_189_203_217_231_256,98,32640,51401,7759,6034,-1
3311,NULL,200,500,1,127_61_27_12_9_8_7_6_4_3_3_3_2_1,21_35_49_63_77_91_105_119_133_147_161_175_189_203_217_231_256,99,32640,51401,10297,8008,-1
965203,NULL,200,500,10,152_65_38_30_25_22_19_17_14_14_13_13_12_12_11_11_9,21_35_49_63_77_91_105_119_133_147_161_175_189_203_217_231_256,0,32640,53210,13968,10873,-1
539018,NULL,200,500,10,139_95_55_41_33_30_23_20_19_17_17_16_11_10_10_10_10,21_35_49_63_77_91_105_119_133_147_161_175_189_203_217_231_256,1,32640,53210,15349,11954,200.0_197.7143_195.4286_193.1429_190.8571_188.5714_186.2857_184.0_181.7143_179.4286_177.1429_174.8571_172.5714_170.2857_168.0_165.7143_163.4286_161.1429_158.8571_156.5714_154.2857_152.0_145.7857_139.5714_133.3571_127.1429_120.9286_114.7143_108.5_102.2857_96.0714_89.8571_83.6429_77.4286_71.2143_65.0_63.0714_61.1429_59.2143_57.2857_55.3571_53.4286_51.5_49.5714_47.6429_45.7143_43.7857_41.8571_39.9286_38.0_37.4286_36.8571_36.2857_35.7143_35.1429_34.5714_34.0_33.4286_32.8571_32.2857_31.7143_31.1429_30.5714_30.0_29.6429_29.2857_28.9286_28.5714_28.2143_27.8571_27.5_27.1429_26.7857_26.4286_26.0714_25.7143_25.3571_25.0_24.7857_24.5714_24.3571_24.1429_23.9286_23.7143_23.5_23.2857_23.0714_22.8571_22.6429_22.4286_22.2143_22.0_21.7857_21.5714_21.3571_21.1429_20.9286_20.7143_20.5_20.2857_20.0714_19.8571_19.6429_19.4286_19.2143_19.0_18.8571_18.7143_18.5714_18.4286_18.2857_18.1429_18.0_17.8571_17.7143_17.5714_17.4286_17.2857_17.1429_17.0_16.7857_16.5714_16.3571_16.1429_15.9286_15.7143_15.5_15.2857_15.0714_14.8571_14.6429_14.4286_14.2143_14.0_14.0_14.0_14.0_14.0_14.0_14.0_14.0_14.0_14.0_14.0_14.0_14.0_14.0_14.0_13.9286_13.8571_13.7857_13.7143_13.6429_13.5714_13.5_13.4286_13.3571_13.2857_13.2143_13.1429_13.0714_13.0_13.0_13.0_13.0_13.0_13.0_13.0_13.0_13.0_13.0_13.0_13.0_13.0_13.0_13.0_12.9286_12.8571_12.7857_12.7143_12.6429_12.5714_12.5_12.4286_12.3571_12.2857_12.2143_12.1429_12.0714_12.0_12.0_12.0_12.0_12.0_12.0_12.0_12.0_12.0_12.0_12.0_12.0_12.0_12.0_12.0_11.9286_11.8571_11.7857_11.7143_11.6429_11.5714_11.5_11.4286_11.3571_11.2857_11.2143_11.1429_11.0714_11.0_11.0_11.0_11.0_11.0_11.0_11.0_11.0_11.0_11.0_11.0_11.0_11.0_11.0_11.0_10.92_10.84_10.76_10.68_10.6_10.52_10.44_10.36_10.28_10.2_10.12_10.04_9.96_9.88_9.8_9.72_9.64_9.56_9.48_9.4_9.32_9.24_9.16_9.08_9.0
553452,NULL,200,500,10,146_86_55_44_36_30_26_22_21_19_17_14_13_11_11_11_10,21_35_49_63_77_91_105_119_133_147_161_175_189_203_217_231_256,2,32640,53210,15655,12189,-1
474849,NULL,200,500,10,102_42_27_21_16_14_14_12_12_11_10_10_10_9_8,21_35_49_63_77_91_105_119_133_147_161_175_189_203_217_231_256,3,32640,53210,11019,8540,-1
189013,NULL,200,500,10,161_79_33_27_21_21_20_15_15_15_15_14_11_11_10,21_35_49_63_77_91_105_119_133_147_161_175_189_203_217_231_256,4,32640,53210,13654,10612,-1
37540,NULL,200,500,10,190_91_41_26_22_21_19_17_16_16_14_14_13_13_12_12_10,21_35_49_63_77_91_105_119_133_147_161_175_189_203_217_231_256,5,32640,53210,15208,11850,-1
397715,NULL,200,500,10,90_40_25_18_16_16_15_13_12_12_12_12_11_11_10,21_35_49_63_77_91_105_119_133_147_161_175_189_203_217_231_256,6,32640,53210,10864,8442,-1
503696,NULL,200,500,10,198_129_69_51_42_37_30_28_25_24_24_21_18_16_12_11_9,21_35_49_63_77_91_105_119_133_147_161_175_189_203_217_231_256,7,32640,53210,18776,14611,-1
775155,NULL,200,500,10,122_42_23_21_20_18_16_16_16_15_15_15_14_14_13_12_10,21_35_49_63_77_91_105_119_133_147_161_175_189_203_217_231_256,8,32640,53210,12598,9820,-1
339562,NULL,200,500,10,200_200_196_173_142_130_101_75_64_54_53_49_46_23_11_11_11,21_35_49_63_77_91_105_119_133_147_161_175_189_203_217_231_256,9,32640,53210,33067,25713,-1
969910,NULL,200,500,10,136_58_40_33_30_23_20_19_17_17_14_11_11_11_10,19_35_51_67_83_99_115_131_147_163_179_195_211_227_256,10,32640,53210,13953,10983,-1
112810,NULL,200,500,10,167_86_46_38_31_27_24_22_16_13_13_11_10,19_35_51_67_83_99_115_131_147_163_179_195_211_227_256,11,32640,53210,14894,11704,-1
657243,NULL,200,500,10,153_62_38_25_18_14_12_10,19_35_51_67_83_99_115_131_147_163_179_195_211_227_256,12,32640,53210,11450,8952,-1
28686,NULL,200,500,10,141_55_42_35_30_28_25_23_20_17_16_16_14_12_10,19_35_51_67_83_99_115_131_147_163_179_195_211_227_256,13,32640,53210,14646,11540,-1
219726,NULL,200,500,10,124_52_36_24_21_20_19_19_17_17_17_17_14_12_10,19_35_51_67_83_99_115_131_147_163_179_195_211_227_256,14,32640,53210,13346,10500,-1
127643,NULL,200,500,10,165_63_37_32_26_22_15_14_14_14_14_13_12_11_10,19_35_51_67_83_99_115_131_147_163_179_195_211_227_256,15,32640,53210,14193,11175,-1
978083,NULL,200,500,10,200_192_166_140_119_96_69_46_35_35_34_26_23_18_10,19_35_51_67_83_99_115_131_147_163_179_195_211_227_256,16,32640,53210,29243,23218,-1
678971,NULL,200,500,10,123_77_58_43_35_31_24_21_19_18_16_15_13_12_10,19_35_51_67_83_99_115_131_147_163_179_195_211_227_256,17,32640,53210,15266,12036,-1
554003,NULL,200,500,10,113_38_30_26_22_21_19_17_17_15_14_13_13_10,19_35_51_67_83_99_115_131_147_163_179_195_211_227_256,18,32640,53210,12170,9528,-1
862445,NULL,200,500,10,158_62_38_25_20_18_17_16_15_15_14_13_11_10_9,19_35_51_67_83_99_115_131_147_163_179_195_211_227_256,19,32640,53210,13787,10842,-1
952403,NULL,200,500,10,101_56_38_23_19_16_15_14_14_14_13_13_12_12_10,19_35_51_67_83_99_115_131_147_163_179_195_211_227_256,20,32640,53210,12366,9716,-1
377205,NULL,200,500,10,91_47_37_32_27_22_19_14_14_12_12_12_12_11_10,19_35_51_67_83_99_115_131_147_163_179_195_211_227_256,21,32640,53210,12393,9735,-1
861812,NULL,200,500,10,196_114_64_43_36_28_27_22_21_20_14_11_11_11_10,19_35_51_67_83_99_115_131_147_163_179_195_211_227_256,22,32640,53210,17513,13831,-1
290022,NULL,200,500,10,187_97_53_38_32_26_21_20_18_16_14_14_12_12_10,19_35_51_67_83_99_115_131_147_163_179_195_211_227_256,23,32640,53210,16367,12916,-1
703940,NULL,200,500,10,151_79_47_38_32_26_23_18_18_17_16_15_12_10,19_35_51_67_83_99_115_131_147_163_179_195_211_227_256,24,32640,53210,14851,11672,-1
828320,NULL,200,500,10,162_75_39_30_26_23_17_13_12_12_11_10_9,19_35_51_67_83_99_115_131_147_163_179_195_211_227_256,25,32640,53210,13623,10680,-1
377732,NULL,200,500,10,200_200_193_177_132_94_84_84_70_70_60_37_37_16_10,19_35_51_67_83_99_115_131_147_163_179_195_211_227_256,26,32640,53210,34324,27272,-1
656053,NULL,200,500,10,135_52_37_22_19_17_14_13_12_12_10,19_35_51_67_83_99_115_131_147_163_179_195_211_227_256,27,32640,53210,11670,9128,-1
729727,NULL,200,500,10,165_75_55_32_27_25_22_21_19_17_16_13_13_11_10,19_35_51_67_83_99_115_131_147_163_179_195_211_227_256,28,32640,53210,15373,12119,-1
88384,NULL,200,500,10,191_80_37_26_21_18_17_16_14_14_13_12_11_10_10,19_35_51_67_83_99_115_131_147_163_179_195_211_227_256,29,32640,53210,14752,11610,-1
761778,NULL,200,500,10,170_109_68_53_44_37_32_29_26_24_20_16_15_14_10,19_35_51_67_83_99_115_131_147_163_179_195_211_227_256,30,32640,53210,18332,14494,-1
195890,NULL,200,500,10,172_87_48_38_27_23_21_17_15_15_15_15_13_12_10,19_35_51_67_83_99_115_131_147_163_179_195_211_227_256,31,32640,53210,15527,12244,-1
289810,NULL,200,500,10,144_47_28_23_21_19_18_17_15_13_10,19_35_51_67_83_99_115_131_147_163_179_195_211_227_256,32,32640,53210,11910,9320,-1
241210,NULL,200,500,10,128_61_36_28_24_19_18_16_15_15_15_13_11_11_10,19_35_51_67_83_99_115_131_147_163_179_195_211_227_256,33,32640,53210,13353,10503,-1
284534,NULL,200,500,10,151_71_43_36_30_25_22_18_17_16_15_15_13_11_10,19_35_51_67_83_99_115_131_147_163_179_195_211_227_256,34,32640,53210,14813,11671,-1
943446,NULL,200,500,10,141_71_39_26_19_18_18_15_15_14_14_12_12_11_10,19_35_51_67_83_99_115_131_147_163_179_195_211_227_256,35,32640,53210,13654,10743,-1
433380,NULL,200,500,10,111_40_21_18_17_14_12_11_10_10_9,19_35_51_67_83_99_115_131_147_163_179_195_211_227_256,36,32640,53210,10300,8024,-1
856617,NULL,200,500,10,169_85_40_32_24_19_17_14_12_12_11_11_11_10,19_35_51_67_83_99_115_131_147_163_179_195_211_227_256,37,32640,53210,14153,11112,-1
136763,NULL,200,500,10,112_44_35_25_22_19_15_15_15_13_12_12_12_12_10,19_35_51_67_83_99_115_131_147_163_179_195_211_227_256,38,32640,53210,12426,9764,-1
248038,NULL,200,500,10,104_31_21_17_13_12_12_12_11_11_10_10_9,19_35_51_67_83_99_115_131_147_163_179_195_211_227_256,39,32640,53210,10303,8024,-1
11616,NULL,200,500,10,180_74_39_26_20_19_17_14_13_13_13_12_10_10_9,19_35_51_67_83_99_115_131_147_163_179_195_211_227_256,40,32640,53210,14354,11290,-1
473199,NULL,200,500,10,166_53_30_22_18_16_15_12_12_11_11_10_9,19_35_51_67_83_99_115_131_147_163_179_195_211_227_256,41,32640,53210,12541,9816,-1
950427,NULL,200,500,10,150_58_35_29_22_20_19_18_16_14_12_12_11_11_10,19_35_51_67_83_99_115_131_147_163_179_195_211_227_256,42,32640,53210,13693,10775,-1
520071,NULL,200,500,10,167_79_36_25_21_18_18_16_15_13_13_13_11_10,19_35_51_67_83_99_115_131_147_163_179_195_211_227_256,43,32640,53210,13911,10920,-1
719362,NULL,200,500,10,112_51_31_25_23_21_17_16_16_14_14_12_11_11_10,19_35_51_67_83_99_115_131_147_163_179_195_211_227_256,44,32640,53210,12633,9927,-1
163538,NULL,200,500,10,166_81_37_31_24_20_17_16_15_12_11_11_11_11_10,19_35_51_67_83_99_115_131_147_163_179_195_211_227_256,45,32640,53210,14413,11351,-1
59585,NULL,200,500,10,176_86_54_39_35_32_24_19_16_16_13_11_10_10,19_35_51_67_83_99_115_131_147_163_179_195_211_227_256,46,32640,53210,15632,12296,-1
223269,NULL,200,500,10,175_68_40_26_17_14_14_12_12_12_10_10_10_10_9,19_35_51_67_83_99_115_131_147_163_179_195_211_227_256,47,32640,53210,13756,10810,-1
952670,NULL,200,500,10,105_32_21_15_13_11_9,19_35_51_67_83_99_115_131_147_163_179_195_211_227_256,48,32640,53210,8957,6952,-1
697235,NULL,200,500,10,150_43_30_23_20_19_17_15_14_12_12_12_12_11_10,19_35_51_67_83_99_115_131_147_163_179_195_211_227_256,49,32640,53210,12954,10183,-1
929771,NULL,200,500,10,171_97_56_39_27_22_18_16_14_13_12_12_12_10,19_35_51_67_83_99_115_131_147_163_179_195_211_227_256,50,32640,53210,15193,11944,-1
774914,NULL,200,500,10,143_41_26_20_17_16_14_13_13_13_11_11_11_10,19_35_51_67_83_99_115_131_147_163_179_195_211_227_256,51,32640,53210,11990,9384,-1
260829,NULL,200,500,10,182_89_54_38_31_27_23_21_17_15_14_12_12_11_10,19_35_51_67_83_99_115_131_147_163_179_195_211_227_256,52,32640,53210,16073,12679,-1
191362,NULL,200,500,10,134_62_40_29_20_19_17_17_17_15_11_11_10,19_35_51_67_83_99_115_131_147_163_179_195_211_227_256,53,32640,53210,12850,10072,-1
612630,NULL,200,500,10,157_76_49_37_32_25_20_18_17_15_13_12_11_10,19_35_51_67_83_99_115_131_147_163_179_195_211_227_256,54,32640,53210,14651,11512,-1
141531,NULL,200,500,10,181_86_46_37_29_22_18_17_16_16_14_13_11_10,19_35_51_67_83_99_115_131_147_163_179_195_211_227_256,55,32640,53210,15130,11896,-1
484078,NULL,200,500,10,200_200_200_198_184_154_129_106_102_85_83_73_24_18_10,19_35_51_67_83_99_115_131_147_163_179_195_211_227_256,56,32640,53210,40401,32130,-1
538094,NULL,200,500,10,101_58_44_41_32_28_25_24_21_20_18_15_11_11_9,19_35_51_67_83_99_115_131_147_163_179_195_211_227_256,57,32640,53210,14151,11127,-1
252498,NULL,200,500,10,92_51_36_27_22_20_17_17_16_14_14_12_12_11_10,19_35_51_67_83_99_115_131_147_163_179_195_211_227_256,58,32640,53210,12373,9719,-1
971107,NULL,200,500,10,133_49_31_25_19_16_15_14_12_11_11_10_10_10_9,19_35_51_67_83_99_115_131_147_163_179_195_211_227_256,59,32640,53210,12474,9786,-1
58347,NULL,200,500,10,123_42_22_20_19_15_14_13_13_13_13_11_11_11_10,19_35_51_67_83_99_115_131_147_163_179_195_211_227_256,60,32640,53210,11953,9383,-1
924362,NULL,200,500,10,106_44_26_19_17_14_14_13_13_13_13_12_11_10,19_35_51_67_83_99_115_131_147_163_179_195_211_227_256,61,32640,53210,11310,8840,-1
40403,NULL,200,500,10,199_106_46_34_24_23_21_18_16_15_14_14_12_12_10,19_35_51_67_83_99_115_131_147_163_179_195_211_227_256,62,32640,53210,16250,12820,-1
967967,NULL,200,500,10,162_80_52_38_29_25_22_21_18_15_14_12_12_11_10,19_35_51_67_83_99_115_131_147_163_179_195_211_227_256,63,32640,53210,15373,12119,-1
410442,NULL,200,500,10,198_141_91_50_40_26_22_19_15_15_13_13_12_11_10,19_35_51_67_83_99_115_131_147_163_179_195_211_227_256,64,32640,53210,18474,14599,-1
151599,NULL,200,500,10,69_27_18_15_14_13_13_12_11_11_10_10_10_9,19_35_51_67_83_99_115_131_147_163_179_195_211_227_256,65,32640,53210,9684,7528,-1
624679,NULL,200,500,10,102_50_38_28_20_19_17_14_13_13_11_10,19_35_51_67_83_99_115_131_147_163_179_195_211_227_256,66,32640,53210,11510,9000,-1
708184,NULL,200,500,10,146_67_39_29_28_25_21_19_18_17_16_14_12_11_10,19_35_51_67_83_99_115_131_147_163_179_195_211_227_256,67,32640,53210,14393,11335,-1
396424,NULL,200,500,10,182_74_45_30_25_24_22_20_19_17_14_13_10_10_9,19_35_51_67_83_99_115_131_147_163_179_195_211_227_256,68,32640,53210,15249,12010,-1
476106,NULL,200,500,10,187_89_61_38_28_22_20_18_16_16_14_13_12_10,19_35_51_67_83_99_115_131_147_163_179_195_211_227_256,69,32640,53210,15690,12344,-1
667539,NULL,200,500,10,149_56_36_31_24_23_20_17_15_15_14_13_10,19_35_51_67_83_99_115_131_147_163_179_195_211_227_256,70,32640,53210,13270,10408,-1
273583,NULL,200,500,10,129_50_30_27_22_19_16_15_13_13_12_11_10,19_35_51_67_83_99_115_131_147_163_179_195_211_227_256,71,32640,53210,12150,9512,-1
312416,NULL,200,500,10,196_114_72_48_31_28_24_19_16_16_13_11_10,19_35_51_67_83_99_115_131_147_163_179_195_211_227_256,72,32640,53210,16770,13208,-1
698699,NULL,200,500,10,127_49_24_18_15_15_15_13_12_11_11_10_10_10_9,19_35_51_67_83_99_115_131_147_163_179_195_211_227_256,73,32640,53210,11955,9370,-1
455863,NULL,200,500,10,173_83_57_43_35_29_22_22_21_20_17_14_12_11_10,19_35_51_67_83_99_115_131_147_163_179_195_211_227_256,74,32640,53210,16333,12887,-1
834472,NULL,200,500,10,108_45_31_26_23_20_18_17_15_15_13_13_12_11_10,19_35_51_67_83_99_115_131_147_163_179_195_211_227_256,75,32640,53210,12493,9815,-1
445837,NULL,200,500,10,136_47_25_18_14_12_11_10_10_9_8,19_35_51_67_83_99_115_131_147_163_179_195_211_227_256,76,32640,53210,10872,8472,-1
725741,NULL,200,500,10,109_29_20_18_14_13_12_11_10_10_10_10_10_9,19_35_51_67_83_99_115_131_147_163_179_195_211_227_256,77,32640,53210,10544,8216,-1
545746,NULL,200,500,10,126_41_27_23_21_18_15_14_13_12_12_12_12_12_10,19_35_51_67_83_99_115_131_147_163_179_195_211_227_256,78,32640,53210,12326,9684,-1
238518,NULL,200,500,10,200_200_200_197_188_152_126_94_86_82_60_51_37_37_10,19_35_51_67_83_99_115_131_147_163_179_195_211_227_256,79,32640,53210,39718,31641,-1
364423,NULL,200,500,10,109_37_22_18_16_16_11_11_11_10_10_10_10_10_9,19_35_51_67_83_99_115_131_147_163_179_195_211_227_256,80,32640,53210,11175,8746,-1
558270,NULL,200,500,10,150_68_49_39_32_23_20_18_16_15_13_13_13_12_10,19_35_51_67_83_99_115_131_147_163_179_195_211_227_256,81,32640,53210,14786,11652,-1
472558,NULL,200,500,10,184_102_55_40_36_23_19_15_12_11_11_11_11_10,19_35_51_67_83_99_115_131_147_163_179_195_211_227_256,82,32640,53210,15614,12280,-1
704357,NULL,200,500,10,157_74_42_28_24_23_14_14_13_13_13_13_13_11_10,19_35_51_67_83_99_115_131_147_163_179_195_211_227_256,83,32640,53210,14193,11175,-1
674000,NULL,200,500,10,133_48_28_24_23_22_18_16_13_11_11_10_9,19_35_51_67_83_99_115_131_147_163_179_195_211_227_256,84,32640,53210,12161,9512,-1
694542,NULL,200,500,10,164_53_31_27_22_19_16_15_15_15_14_14_13_12_10,19_35_51_67_83_99_115_131_147_163_179_195_211_227_256,85,32640,53210,13767,10836,-1
243894,NULL,200,500,10,200_200_198_183_154_112_75_71_71_47_45_40_40_40_10,19_35_51_67_83_99_115_131_147_163_179_195_211_227_256,86,32640,53210,35080,27936,-1
867001,NULL,200,500,10,200_200_200_197_171_127_110_109_96_95_47_30_11_11_11,19_35_51_67_83_99_115_131_147_163_179_195_211_227_256,87,32640,53210,37261,29607,-1
914365,NULL,200,500,10,149_66_37_27_23_21_20_18_16_14_13_13_11_11_10,19_35_51_67_83_99_115_131_147_163_179_195_211_227_256,88,32640,53210,13933,10967,-1
357978,NULL,200,500,10,122_58_37_26_23_21_18_15_15_14_13_12_11_11_10,19_35_51_67_83_99_115_131_147_163_179_195_211_227_256,89,32640,53210,13076,10279,-1
902002,NULL,200,500,10,193_95_49_40_27_22_16_14_12_11_11_11_11_10_9,19_35_51_67_83_99_115_131_147_163_179_195_211_227_256,90,32640,53210,15596,12282,-1
476449,NULL,200,500,10,173_102_57_42_30_28_22_17_15_12_12_11_11_11_10,19_35_51_67_83_99_115_131_147_163_179_195_211_227_256,91,32640,53210,16013,12631,-1
271658,NULL,200,500,10,129_42_27_23_18_16_13_13_13_13_13_13_12_11_10,19_35_51_67_83_99_115_131_147_163_179_195_211_227_256,92,32640,53210,12274,9639,-1
62404,NULL,200,500,10,184_99_59_43_32_29_24_20_18_15_14_11_11_11_10,19_35_51_67_83_99_115_131_147_163_179_195_211_227_256,93,32640,53210,16553,13063,-1
686552,NULL,200,500,10,143_56_36_29_25_23_18_17_14_13_13_12_12_11_10,19_35_51_67_83_99_115_131_147_163_179_195_211_227_256,94,32640,53210,13593,10695,-1
687927,NULL,200,500,10,126_52_36_24_18_18_15_15_11_11_11_11_11_11_10,19_35_51_67_83_99_115_131_147_163_179_195_211_227_256,95,32640,53210,12553,9863,-1
659246,NULL,200,500,10,123_64_48_37_29_24_22_19_18_17_16_14_12_12_10,19_35_51_67_83_99_115_131_147_163_179_195_211_227_256,96,32640,53210,14266,11236,-1
423300,NULL,200,500,10,184_77_57_40_27_22_20_18_16_15_13_12_12_11_9,19_35_51_67_83_99_115_131_147_163_179_195_211_227_256,97,32640,53210,15644,12327,-1
96253,NULL,200,500,10,143_78_50_39_29_23_20_18_15_12_11_11_11_11_10,19_35_51_67_83_99_115_131_147_163_179_195_211_227_256,98,32640,53210,14573,11479,-1
3311,NULL,200,500,10,197_118_64_51_37_30_25_21_16_13_11_10,19_35_51_67_83_99_115_131_147_163_179_195_211_227_256,99,32640,53210,16670,13128,-1
965203,NULL,200,500,20,181_112_63_49_37_31_28_26_25_23_22_21_20_19_18,19_35_51_67_83_99_115_131_147_163_179_195_211_227_256,0,32640,55220,18448,14559,-1
539018,NULL,200,500,20,124_75_51_44_38_32_31_29_24_21_20,30_51_72_93_114_135_156_177_198_219_256,1,32640,55220,19283,16185,200.0_199.0_198.0_197.0_196.0_195.0_194.0_193.0_192.0_191.0_190.0_189.0_188.0_187.0_186.0_185.0_184.0_183.0_182.0_181.0_176.6875_172.375_168.0625_163.75_159.4375_155.125_150.8125_146.5_142.1875_137.875_133.5625_129.25_124.9375_120.625_116.3125_112.0_108.9375_105.875_102.8125_99.75_96.6875_93.625_90.5625_87.5_84.4375_81.375_78.3125_75.25_72.1875_69.125_66.0625_63.0_62.125_61.25_60.375_59.5_58.625_57.75_56.875_56.0_55.125_54.25_53.375_52.5_51.625_50.75_49.875_49.0_48.25_47.5_46.75_46.0_45.25_44.5_43.75_43.0_42.25_41.5_40.75_40.0_39.25_38.5_37.75_37.0_36.625_36.25_35.875_35.5_35.125_34.75_34.375_34.0_33.625_33.25_32.875_32.5_32.125_31.75_31.375_31.0_30.8125_30.625_30.4375_30.25_30.0625_29.875_29.6875_29.5_29.3125_29.125_28.9375_28.75_28.5625_28.375_28.1875_28.0_27.875_27.75_27.625_27.5_27.375_27.25_27.125_27.0_26.875_26.75_26.625_26.5_26.375_26.25_26.125_26.0_25.9375_25.875_25.8125_25.75_25.6875_25.625_25.5625_25.5_25.4375_25.375_25.3125_25.25_25.1875_25.125_25.0625_25.0_24.875_24.75_24.625_24.5_24.375_24.25_24.125_24.0_23.875_23.75_23.625_23.5_23.375_23.25_23.125_23.0_22.9375_22.875_22.8125_22.75_22.6875_22.625_22.5625_22.5_22.4375_22.375_22.3125_22.25_22.1875_22.125_22.0625_22.0_21.9375_21.875_21.8125_21.75_21.6875_21.625_21.5625_21.5_21.4375_21.375_21.3125_21.25_21.1875_21.125_21.0625_21.0_20.9375_20.875_20.8125_20.75_20.6875_20.625_20.5625_20.5_20.4375_20.375_20.3125_20.25_20.1875_20.125_20.0625_20.0_19.9375_19.875_19.8125_19.75_19.6875_19.625_19.5625_19.5_19.4375_19.375_19.3125_19.25_19.1875_19.125_19.0625_19.0_18.9655_18.931_18.8966_18.8621_18.8276_18.7931_18.7586_18.7241_18.6897_18.6552_18.6207_18.5862_18.5517_18.5172_18.4828_18.4483_18.4138_18.3793_18.3448_18.3103_18.2759_18.2414_18.2069_18.1724_18.1379_18.1034_18.069_18.0345_18.0
553452,NULL,200,500,20,125_64_51_38_33_30_29_26_22_21_19,30_51_72_93_114_135_156_177_198_219_256,2,32640,55220,18544,15555,-1
474849,NULL,200,500,20,83_50_37_29_29_27_26_21_20_19_18,30_51_72_93_114_135_156_177_198_219_256,3,32640,55220,16071,13465,-1
189013,NULL,200,500,20,134_65_46_30_27_26_25_22_21_21_20,30_51_72_93_114_135_156_177_198_219_256,4,32640,55220,17981,15093,-1
37540,NULL,200,500,20,168_73_44_37_30_26_24_22_22_22_20,30_51_72_93_114_135_156_177_198_219_256,5,32640,55220,19272,16180,-1
397715,NULL,200,500,20,67_38_31_29_27_24_23_22_21_20_18,30_51_72_93_114_135_156_177_198_219_256,6,32640,55220,15107,12662,-1
503696,NULL,200,500,20,170_80_54_44_38_30_27_25_24_23_19,30_51_72_93_114_135_156_177_198_219_256,7,32640,55220,20473,17183,-1
775155,NULL,200,500,20,91_48_30_27_24_23_22_22_22_21_20,30_51_72_93_114_135_156_177_198_219_256,8,32640,55220,15809,13266,-1
339562,NULL,200,500,20,200_196_166_132_100_75_54_53_49_46_19,30_51_72_93_114_135_156_177_198_219_256,9,32640,55220,34762,29227,-1
969910,NULL,200,500,20,90_60_42_36_32_31_30_28_22_21_20,30_51_72_93_114_135_156_177_198_219_256,10,32640,55220,17356,14568,-1
112810,NULL,200,500,20,136_76_49_40_31_28_27_24_24_22_18,30_51_72_93_114_135_156_177_198_219_256,11,32640,55220,19019,15949,-1
657243,NULL,200,500,20,104_55_42_36_31_29_25_21_21_21_20,30_51_72_93_114_135_156_177_198_219_256,12,32640,55220,17181,14421,-1
28686,NULL,200,500,20,77_50_44_37_34_31_29_27_25_24_20,30_51_72_93_114_135_156_177_198_219_256,13,32640,55220,17054,14322,-1
219726,NULL,200,500,20,86_50_38_28_26_25_23_22_21_21_20,30_51_72_93_114_135_156_177_198_219_256,14,32640,55220,16057,13476,-1
127643,NULL,200,500,20,127_64_45_40_35_35_31_28_24_23_19,30_51_72_93_114_135_156_177_198_219_256,15,32640,55220,18892,15860,-1
978083,NULL,200,500,20,199_176_140_116_87_61_40_35_35_34_20,30_51_72_93_114_135_156_177_198_219_256,16,32640,55220,30881,25927,-1
678971,NULL,200,500,20,109_70_52_45_38_35_31_30_25_22_20,30_51_72_93_114_135_156_177_198_219_256,17,32640,55220,18998,15949,-1
554003,NULL,200,500,20,78_40_33_28_26_24_23_21_21_21_18,30_51_72_93_114_135_156_177_198_219_256,18,32640,55220,15452,12951,-1
862445,NULL,200,500,20,108_55_43_32_28_24_22_20_18_18_18,30_51_72_93_114_135_156_177_198_219_256,19,32640,55220,16739,14016,-1
952403,NULL,200,500,20,78_56_48_39_34_28_26_24_22_21_18,30_51_72_93_114_135_156_177_198_219_256,20,32640,55220,16978,14232,-1
377205,NULL,200,500,20,66_48_38_34_34_24_23_23_23_21_20,30_51_72_93_114_135_156_177_198_219_256,21,32640,55220,15908,13350,-1
861812,NULL,200,500,20,150_75_53_41_35_34_28_26_21_20_19,30_51_72_93_114_135_156_177_198_219_256,22,32640,55220,19628,16463,-1
290022,NULL,200,500,20,145_69_47_40_35_32_28_22_21_21_18,30_51_72_93_114_135_156_177_198_219_256,23,32640,55220,19087,15996,-1
703940,NULL,200,500,20,117_65_49_38_33_29_26_25_22_20_19,30_51_72_93_114_135_156_177_198_219_256,24,32640,55220,18150,15224,-1
828320,NULL,200,500,20,118_75_57_37_33_29_26_25_24_24_19,30_51_72_93_114_135_156_177_198_219_256,25,32640,55220,18817,15792,-1
377732,NULL,200,500,20,200_196_177_132_85_84_84_70_60_37_19,30_51_72_93_114_135_156_177_198_219_256,26,32640,55220,35981,30217,-1
656053,NULL,200,500,20,96_52_41_37_32_29_24_24_21_19_19,30_51_72_93_114_135_156_177_198_219_256,27,32640,55220,16910,14179,-1
729727,NULL,200,500,20,128_66_54_38_33_27_27_25_24_22_20,30_51_72_93_114_135_156_177_198_219_256,28,32640,55220,18675,15676,-1
88384,NULL,200,500,20,151_73_49_33_27_25_21_21_20_20_16,30_51_72_93_114_135_156_177_198_219_256,29,32640,55220,18594,15560,-1
761778,NULL,200,500,20,132_78_60_51_45_37_32_30_28_23_20,30_51_72_93_114_135_156_177_198_219_256,30,32640,55220,20489,17204,-1
195890,NULL,200,500,20,125_80_54_43_36_29_27_24_24_22_18,30_51_72_93_114_135_156_177_198_219_256,31,32640,55220,19194,16096,-1
289810,NULL,200,500,20,92_59_41_34_29_26_22_21_21_21_20,30_51_72_93_114_135_156_177_198_219_256,32,32640,55220,16706,14022,-1
241210,NULL,200,500,20,97_62_43_36_33_32_27_26_25_22_20,30_51_72_93_114_135_156_177_198_219_256,33,32640,55220,17647,14815,-1
284534,NULL,200,500,20,103_67_53_43_38_35_33_28_26_24_20,30_51_72_93_114_135_156_177_198_219_256,34,32640,55220,18854,15834,-1
943446,NULL,200,500,20,90_52_38_33_32_26_24_23_21_20,30_51_72_93_114_135_156_177_198_219_256,35,32640,55220,15700,13119,-1
433380,NULL,200,500,20,71_39_30_25_23_21_21_19_19_18,30_51_72_93_114_135_156_177_198_219_256,36,32640,55220,13939,11628,-1
856617,NULL,200,500,20,112_54_40_32_32_30_27_22_21_21_19,30_51_72_93_114_135_156_177_198_219_256,37,32640,55220,17342,14547,-1
136763,NULL,200,500,20,78_45_38_33_27_26_25_25_22_22_20,30_51_72_93_114_135_156_177_198_219_256,38,32640,55220,16097,13513,-1
248038,NULL,200,500,20,89_46_36_32_27_24_24_23_23_23_19,30_51_72_93_114_135_156_177_198_219_256,39,32640,55220,16274,13655,-1
11616,NULL,200,500,20,136_67_47_37_32_26_24_22_22_20_19,30_51_72_93_114_135_156_177_198_219_256,40,32640,55220,18380,15413,-1
473199,NULL,200,500,20,116_64_50_45_39_32_28_26_24_24_19,30_51_72_93_114_135_156_177_198_219_256,41,32640,55220,18815,15792,-1
950427,NULL,200,500,20,97_57_44_36_33_30_28_26_23_23_20,30_51_72_93_114_135_156_177_198_219_256,42,32640,55220,17513,14705,-1
520071,NULL,200,500,20,130_66_43_34_26_24_23_21_20_18,30_51_72_93_114_135_156_177_198_219_256,43,32640,55220,16915,14127,-1
719362,NULL,200,500,20,90_53_41_32_25_25_24_21_21_19_18,30_51_72_93_114_135_156_177_198_219_256,44,32640,55220,16323,13675,-1
163538,NULL,200,500,20,133_74_44_33_30_26_25_22_21_21_20,30_51_72_93_114_135_156_177_198_219_256,45,32640,55220,18281,15345,-1
59585,NULL,200,500,20,132_72_46_39_37_35_34_28_23_22_18,30_51_72_93_114_135_156_177_198_219_256,46,32640,55220,19297,16180,-1
223269,NULL,200,500,20,129_64_47_40_31_28_27_25_24_23_18,30_51_72_93_114_135_156_177_198_219_256,47,32640,55220,18557,15566,-1
952670,NULL,200,500,20,80_43_34_29_26_25_23_21_21_21_19,30_51_72_93_114_135_156_177_198_219_256,48,32640,55220,15642,13119,-1
697235,NULL,200,500,20,82_38_27_24_23_21_20_19,30_51_72_93_114_135_156_177_198_219_256,49,32640,55220,13103,10935,-1
929771,NULL,200,500,20,134_70_52_39_34_31_24_23_21_19,30_51_72_93_114_135_156_177_198_219_256,50,32640,55220,17940,14988,-1
774914,NULL,200,500,20,96_48_42_32_31_27_25_21_21_20_19,30_51_72_93_114_135_156_177_198_219_256,51,32640,55220,16626,13943,-1
260829,NULL,200,500,20,136_64_45_36_31_30_28_27_24_22_20,30_51_72_93_114_135_156_177_198_219_256,52,32640,55220,18647,15655,-1
191362,NULL,200,500,20,100_65_52_46_39_38_30_27_26_26_20,30_51_72_93_114_135_156_177_198_219_256,53,32640,55220,18861,15845,-1
612630,NULL,200,500,20,113_66_49_38_33_31_27_25_23_21_18,30_51_72_93_114_135_156_177_198_219_256,54,32640,55220,18230,15282,-1
141531,NULL,200,500,20,144_83_53_41_37_32_28_25_22_21_20,30_51_72_93_114_135_156_177_198_219_256,55,32640,55220,19706,16542,-1
484078,NULL,200,500,20,200_200_198_180_152_106_102_86_76_68_20,30_51_72_93_114_135_156_177_198_219_256,56,32640,55220,42562,35816,-1
538094,NULL,200,500,20,83_57_43_40_34_30_24_24_21_20_17,30_51_72_93_114_135_156_177_198_219_256,57,32640,55220,16973,14216,-1
252498,NULL,200,500,20,85_57_43_38_37_33_29_26_25_22_20,30_51_72_93_114_135_156_177_198_219_256,58,32640,55220,17447,14647,-1
971107,NULL,200,500,20,101_62_46_38_34_31_27_25_25_24_19,30_51_72_93_114_135_156_177_198_219_256,59,32640,55220,17940,15057,-1
58347,NULL,200,500,20,94_52_41_32_28_22_21_21_20_20_19,30_51_72_93_114_135_156_177_198_219_256,60,32640,55220,16323,13691,-1
924362,NULL,200,500,20,94_57_39_35_33_26_26_24_22_22_20,30_51_72_93_114_135_156_177_198_219_256,61,32640,55220,17022,14290,-1
40403,NULL,200,500,20,158_78_49_39_32_29_24_24_23_22_18,30_51_72_93_114_135_156_177_198_219_256,62,32640,55220,19546,16390,-1
967967,NULL,200,500,20,125_73_57_47_39_32_29_26_22_21_20,30_51_72_93_114_135_156_177_198_219_256,63,32640,55220,19331,16227,-1
410442,NULL,200,500,20,174_114_74_52_41_35_29_27_24_22_19,30_51_72_93_114_135_156_177_198_219_256,64,32640,55220,22380,18784,-1
151599,NULL,200,500,20,56_35_30_29_26_26_26_24_22_19_18,30_51_72_93_114_135_156_177_198_219_256,65,32640,55220,14881,12457,-1
624679,NULL,200,500,20,88_56_43_36_34_27_25_23_22_19,30_51_72_93_114_135_156_177_198_219_256,66,32640,55220,16083,13434,-1
708184,NULL,200,500,20,107_60_46_37_30_29_28_26_23_22_19,30_51_72_93_114_135_156_177_198_219_256,67,32640,55220,17783,14920,-1
396424,NULL,200,500,20,129_51_41_29_25_25_24_23_22_21_19,30_51_72_93_114_135_156_177_198_219_256,68,32640,55220,17323,14526,-1
476106,NULL,200,500,20,162_90_66_50_43_33_31_26_24_20_19,30_51_72_93_114_135_156_177_198_219_256,69,32640,55220,21176,17765,-1
667539,NULL,200,500,20,98_49_37_33_30_29_25_23_23_23_19,30_51_72_93_114_135_156_177_198_219_256,70,32640,55220,16850,14138,-1
273583,NULL,200,500,20,92_47_36_28_28_28_25_24_24_23_20,30_51_72_93_114_135_156_177_198_219_256,71,32640,55220,16463,13823,-1
312416,NULL,200,500,20,151_90_67_54_42_32_31_28_25_24_19,30_51_72_93_114_135_156_177_198_219_256,72,32640,55220,21215,17808,-1
698699,NULL,200,500,20,100_52_32_26_25_24_22_21_19_19_18,30_51_72_93_114_135_156_177_198_219_256,73,32640,55220,16046,13444,-1
455863,NULL,200,500,20,134_76_61_46_39_35_31_26_22_22_20,30_51_72_93_114_135_156_177_198_219_256,74,32640,55220,19872,16684,-1
834472,NULL,200,500,20,80_45_33_31_30_26_25_23_20,30_51_72_93_114_135_156_177_198_219_256,75,32640,55220,14545,12153,-1
445837,NULL,200,500,20,102_52_40_31_26_22_21_20_20_17_16,30_51_72_93_114_135_156_177_198_219_256,76,32640,55220,16314,13643,-1
725741,NULL,200,500,20,71_39_28_25_24_22_20_19_19_19_18,30_51_72_93_114_135_156_177_198_219_256,77,32640,55220,14691,12310,-1
545746,NULL,200,500,20,88_41_31_27_26_24_22_21_21_20_19,30_51_72_93_114_135_156_177_198_219_256,78,32640,55220,15576,13061,-1
238518,NULL,200,500,20,200_200_197_176_139_102_87_82_56_48_19,30_51_72_93_114_135_156_177_198_219_256,79,32640,55220,40216,33795,-1
364423,NULL,200,500,20,66_34_26_23_21_19_19_18,30_51_72_93_114_135_156_177_198_219_256,80,32640,55220,12440,10368,-1
558270,NULL,200,500,20,107_56_45_40_35_32_28_27_25_23_19,30_51_72_93_114_135_156_177_198_219_256,81,32640,55220,18045,15146,-1
472558,NULL,200,500,20,146_74_50_43_38_36_32_24_22_22_19,30_51_72_93_114_135_156_177_198_219_256,82,32640,55220,19759,16579,-1
704357,NULL,200,500,20,103_58_45_33_27_25_24_23_23_22_19,30_51_72_93_114_135_156_177_198_219_256,83,32640,55220,17157,14395,-1
674000,NULL,200,500,20,73_39_29_26_24_24_24_23_22_20_18,30_51_72_93_114_135_156_177_198_219_256,84,32640,55220,15172,12704,-1
694542,NULL,200,500,20,106_49_37_32_31_30_28_25_23_23_18,30_51_72_93_114_135_156_177_198_219_256,85,32640,55220,17207,14432,-1
243894,NULL,200,500,20,200_199_183_142_112_75_71_45_45_40_20,30_51_72_93_114_135_156_177_198_219_256,86,32640,55220,35698,29992,-1
867001,NULL,200,500,20,200_200_197_161_125_109_109_95_75_46_19,30_51_72_93_114_135_156_177_198_219_256,87,32640,55220,40928,34393,-1
914365,NULL,200,500,20,112_63_43_35_28_28_26_24_22_21_19,30_51_72_93_114_135_156_177_198_219_256,88,32640,55220,17617,14778,-1
357978,NULL,200,500,20,95_51_37_30_26_25_25_23_21_20_18,30_51_72_93_114_135_156_177_198_219_256,89,32640,55220,16394,13733,-1
902002,NULL,200,500,20,140_75_50_43_39_34_30_26_23_23_19,30_51_72_93_114_135_156_177_198_219_256,90,32640,55220,19674,16511,-1
476449,NULL,200,500,20,141_84_56_44_41_31_29_28_25_23_20,30_51_72_93_114_135_156_177_198_219_256,91,32640,55220,20138,16910,-1
271658,NULL,200,500,20,83_42_30_27_26_25_24_22_22_21_20,30_51_72_93_114_135_156_177_198_219_256,92,32640,55220,15606,13098,-1
62404,NULL,200,500,20,142_90_63_49_40_32_31_28_27_23_20,30_51_72_93_114_135_156_177_198_219_256,93,32640,55220,20713,17393,-1
686552,NULL,200,500,20,89_48_36_31_28_27_25_25_23_22_20,30_51_72_93_114_135_156_177_198_219_256,94,32640,55220,16422,13786,-1
687927,NULL,200,500,20,85_55_41_35_35_31_24_23_22_20_19,30_51_72_93_114_135_156_177_198_219_256,95,32640,55220,16826,14111,-1
659246,NULL,200,500,20,101_64_45_38_33_30_29_28_24_22_20,30_51_72_93_114_135_156_177_198_219_256,96,32640,55220,17922,15046,-1
423300,NULL,200,500,20,131_78_53_42_33_29_24_22_21_18_17,30_51_72_93_114_135_156_177_198_219_256,97,32640,55220,18816,15759,-1
96253,NULL,200,500,20,112_74_53_44_38_31_24_21_20_20_19,30_51_72_93_114_135_156_177_198_219_256,98,32640,55220,18478,15497,-1
3311,NULL,200,500,20,154_88_65_52_40_37_36_27_26_25_20,30_51_72_93_114_135_156_177_198_219_256,99,32640,55220,21370,17950,-1
965203,NULL,400,500,1,45_5_2_1,25_50_75_100_125_150_175_200_225_256,0,32640,102801,13909,11300,-1
539018,NULL,400,500,1,280_61_17_11_7_4_3_3_3_3_3_3_3_3_3_2_2_2_1,12_25_38_51_64_77_90_103_116_129_142_155_168_181_194_207_220_233_256,1,32640,102801,14242,10189,400.0_385.8_371.6_357.4_343.2_329.0_314.8_300.6_286.4_272.2_258.0_243.8_229.6_215.4_201.2_187.0_172.8_158.6_144.4_130.2_116.0_101.8_87.6_73.4_59.2_45.0_43.4_41.8_40.2_38.6_37.0_35.4_33.8_32.2_30.6_29.0_27.4_25.8_24.2_22.6_21.0_19.4_17.8_16.2_14.6_13.0_11.4_9.8_8.2_6.6_5.0_4.88_4.76_4.64_4.52_4.4_4.28_4.16_4.04_3.92_3.8_3.68_3.56_3.44_3.32_3.2_3.08_2.96_2.84_2.72_2.6_2.48_2.36_2.24_2.12_2.0_1.96_1.92_1.88_1.84_1.8_1.76_1.72_1.68_1.64_1.6_1.56_1.52_1.48_1.44_1.4_1.36_1.32_1.28_1.24_1.2_1.16_1.12_1.08_1.04_1.0_1.0_1.0_1.0_1.0_1.0_1.0_1.0_1.0_1.0_1.0_1.0_1.0_1.0_1.0_1.0_1.0_1.0_1.0_1.0_1.0_1.0_1.0_1.0_1.0_1.0_1.0_1.0_1.0_1.0_1.0_1.0_1.0_1.0_1.0_1.0_1.0_1.0_1.0_1.0_1.0_1.0_1.0_1.0_1.0_1.0_1.0_1.0_1.0_1.0_1.0_1.0_1.0_1.0_1.0_1.0_1.0_1.0_1.0_1.0_1.0_1.0_1.0_1.0_1.0_1.0_1.0_1.0_1.0_1.0_1.0_1.0_1.0_1.0_1.0_1.0_1.0_1.0_1.0_1.0_1.0_1.0_1.0_1.0_1.0_1.0_1.0_1.0_1.0_1.0_1.0_1.0_1.0_1.0_1.0_1.0_1.0_1.0_1.0_1.0_1.0_1.0_1.0_1.0_1.0_1.0_1.0_1.0_1.0_1.0_1.0_1.0_1.0_1.0_1.0_1.0_1.0_1.0_1.0_1.0_1.0_1.0_1.0_1.0_1.0_1.0_1.0_1.0_1.0_1.0_1.0_1.0_1.0_1.0_1.0_1.0_1.0_1.0_1.0_1.0_1.0_1.0_1.0_1.0_1.0_1.0_1.0_1.0_1.0_1.0_1.0_1.0_1.0_1.0_1.0_1.0_1.0
553452,NULL,400,500,1,364_77_32_10_4_2_1,12_25_38_51_64_77_90_103_116_129_142_155_168_181_194_207_220_233_256,2,32640,102801,15514,11157,-1
474849,NULL,400,500,1,347_59_23_9_5_5_4_3_3_3_3_3_3_3_3_3_2_2_1,12_25_38_51_64_77_90_103_116_129_142_155_168_181_194_207_220_233_256,3,32640,102801,15432,11099,-1
189013,NULL,400,500,1,399_87_12_8_6_3_3_3_3_3_2_1,12_25_38_51_64_77_90_103_116_129_142_155_168_181_194_207_220_233_256,4,32640,102801,16194,11677,-1
37540,NULL,400,500,1,381_201_88_35_16_9_7_3_3_3_3_2_2_2_2_2_2_2_2_2_2_2_2_2_2_2_2_2_2_1,17_25_33_41_49_57_65_73_81_89_97_105_113_121_129_137_145_153_161_169_177_185_193_201_209_217_225_233_241_256,5,32640,102801,18635,13094,-1
397715,NULL,400,500,1,112_42_24_15_10_8_4_3_3_2_1,17_25_33_41_49_57_65_73_81_89_97_105_113_121_129_137_145_153_161_169_177_185_193_201_209_217_225_233_241_256,6,32640,102801,11877,8584,-1
503696,NULL,400,500,1,358_227_132_102_70_45_19_15_9_6_3_3_3_2_2_2_2_2_2_2_2_2_2_2_2_2_2_2_1,17_25_33_41_49_57_65_73_81_89_97_105_113_121_129_137_145_153_161_169_177_185_193_201_209_217_225_233_241_256,7,32640,102801,21465,14976,-1
775155,NULL,400,500,1,199_36_20_15_8_7_7_6_5_5_4_4_4_4_4_3_3_2_2_2_2_2_2_1,17_25_33_41_49_57_65_73_81_89_97_105_113_121_129_137_145_153_161_169_177_185_193_201_209_217_225_233_241_256,8,32640,102801,13353,9568,-1
