qid,WChoice,NumMachine,NumForEach,k,LevelRs,Pivots,RepeatTime,MatCost,NaiveCost,Cost,QCost,EstResSite
965203,NULL,200,500,1,34_7_2_2_2_2_1,25_50_75_100_125_150_175_200_225_256,0,32640,51401,7622,6225,NULL
539018,NULL,200,500,1,175_60_24_10_7_7_5_4_2_2_2_2_1,12_25_38_51_64_77_90_103_116_129_142_155_168_181_194_207_220_233_256,1,32640,51401,8701,6300,200.0_193.36_186.72_180.08_173.44_166.8_160.16_153.52_146.88_140.24_133.6_126.96_120.32_113.68_107.04_100.4_93.76_87.12_80.48_73.84_67.2_60.56_53.92_47.28_40.64_34.0_32.92_31.84_30.76_29.68_28.6_27.52_26.44_25.36_24.28_23.2_22.12_21.04_19.96_18.88_17.8_16.72_15.64_14.56_13.48_12.4_11.32_10.24_9.16_8.08_7.0_6.8_6.6_6.4_6.2_6.0_5.8_5.6_5.4_5.2_5.0_4.8_4.6_4.4_4.2_4.0_3.8_3.6_3.4_3.2_3.0_2.8_2.6_2.4_2.2_2.0_2.0_2.0_2.0_2.0_2.0_2.0_2.0_2.0_2.0_2.0_2.0_2.0_2.0_2.0_2.0_2.0_2.0_2.0_2.0_2.0_2.0_2.0_2.0_2.0_2.0_2.0_2.0_2.0_2.0_2.0_2.0_2.0_2.0_2.0_2.0_2.0_2.0_2.0_2.0_2.0_2.0_2.0_2.0_2.0_2.0_2.0_2.0_2.0_2.0_2.0_2.0_2.0_2.0_2.0_2.0_2.0_2.0_2.0_2.0_2.0_2.0_2.0_2.0_2.0_2.0_2.0_2.0_2.0_2.0_2.0_2.0_2.0_2.0_2.0_2.0_1.96_1.92_1.88_1.84_1.8_1.76_1.72_1.68_1.64_1.6_1.56_1.52_1.48_1.44_1.4_1.36_1.32_1.28_1.24_1.2_1.16_1.12_1.08_1.04_1.0_1.0_1.0_1.0_1.0_1.0_1.0_1.0_1.0_1.0_1.0_1.0_1.0_1.0_1.0_1.0_1.0_1.0_1.0_1.0_1.0_1.0_1.0_1.0_1.0_1.0_1.0_1.0_1.0_1.0_1.0_1.0_1.0_1.0_1.0_1.0_1.0_1.0_1.0_1.0_1.0_1.0_1.0_1.0_1.0_1.0_1.0_1.0_1.0_1.0_1.0_1.0_1.0_1.0_1.0_1.0_1.0_1.0_1.0_1.0_1.0_1.0_1.0_1.0_1.0_1.0_1.0_1.0_1.0_1.0_1.0_1.0_1.0_1.0_1.0_1.0_1.0_1.0_1.0_1.0_1.0_1.0
553452,NULL,200,500,1,185_42_19_6_2_2_1,12_25_38_51_64_77_90_103_116_129_142_155_168_181_194_207_220_233_256,2,32640,51401,7953,5728,-1
474849,NULL,200,500,1,99_43_24_14_8_5_1_1_1,17_25_33_41_49_57_65_73_81_89_97_105_113_121_129_137_145_153_161_169_177_185_193_201_209_217_225_233_241_256,3,32640,51401,6941,4960,-1
189013,NULL,200,500,1,152_73_24_16_14_10_7_5_5_5_3_2_2_1,17_25_33_41_49_57_65_73_81_89_97_105_113_121_129_137_145_153_161_169_177_185_193_201_209_217_225_233_241_256,4,32640,51401,8417,5944,-1
37540,NULL,200,500,1,193_107_42_22_13_9_7_3_3_3_3_2_2_2_2_2_2_2_2_2_2_2_2_2_2_2_2_2_2_1,17_25_33_41_49_57_65_73_81_89_97_105_113_121_129_137_145_153_161_169_177_185_193_201_209_217_225_233_241_256,5,32640,51401,9907,6942,-1
397715,NULL,200,500,1,42_16_11_7_5_4_3_3_3_2_1,19_27_35_43_51_59_67_75_83_91_99_107_115_123_131_139_147_155_163_171_179_187_195_203_211_219_227_235_243_256,6,32640,51401,6153,4568,-1
503696,NULL,200,500,1,195_164_86_55_42_31_10_8_4_3_2_2_2_2_2_2_2_2_2_2_2_2_2_2_2_2_2_2_1,17_25_33_41_49_57_65_73_81_89_97_105_113_121_129_137_145_153_161_169_177_185_193_201_209_217_225_233_241_256,7,32640,51401,12209,8472,-1
775155,NULL,200,500,1,31_15_11_5_5_4_4_3_3_3_3_2_2_2_2_2_2_1,22_33_44_55_66_77_88_99_110_121_132_143_154_165_176_187_198_209_220_231_242_256,8,32640,51401,7086,5489,-1
339562,NULL,200,500,1,200_200_197_179_148_128_107_76_75_54_50_41_14_14_11_11_11_11_11_11_11_11,21_32_43_54_65_76_87_98_109_120_131_142_153_164_175_186_197_208_219_230_241_256,9,32640,51401,28855,21404,-1
969910,NULL,200,500,1,42_18_11_8_6_5_4_4_3_3_3_3_3_3_2_2_1,22_36_50_64_78_92_106_120_134_148_162_176_190_204_218_232_256,10,32640,51401,7781,6100,-1
112810,NULL,200,500,1,117_32_16_12_7_5_4_3_3_3_3_2_2_1,22_36_50_64_78_92_106_120_134_148_162_176_190_204_218_232_256,11,32640,51401,9363,7326,-1
657243,NULL,200,500,1,55_19_10_9_7_5_4_2_1,22_36_50_64_78_92_106_120_134_148_162_176_190_204_218_232_256,12,32640,51401,7599,5954,-1
28686,NULL,200,500,1,45_23_8_6_6_4_4_4_4_3_3_2_2_2_2_2_1,22_36_50_64_78_92_106_120_134_148_162_176_190_204_218_232_256,13,32640,51401,7781,6100,-1
219726,NULL,200,500,1,44_14_7_5_3_3_2_2_1,22_36_50_64_78_92_106_120_134_148_162_176_190_204_218_232_256,14,32640,51401,7041,5520,-1
127643,NULL,200,500,1,49_21_7_4_2_2_2_2_2_2_1,21_35_49_63_77_91_105_119_133_147_161_175_189_203_217_231_256,15,32640,51401,7075,5502,-1
978083,NULL,200,500,1,199_178_160_118_85_60_35_35_35_26_23_18_9_9_1,21_35_49_63_77_91_105_119_133_147_161_175_189_203_217_231_256,16,32640,51401,23221,18060,-1
678971,NULL,200,500,1,60_17_9_7_5_4_3_3_3_3_3_2_2_2_2_1,21_35_49_63_77_91_105_119_133_147_161_175_189_203_217_231_256,17,32640,51401,7651,5950,-1
554003,NULL,200,500,1,27_9_5_4_3_2_2_1,21_35_49_63_77_91_105_119_133_147_161_175_189_203_217_231_256,18,32640,51401,6337,4928,-1
862445,NULL,200,500,1,54_16_6_2_2_2_1,21_35_49_63_77_91_105_119_133_147_161_175_189_203_217_231_256,19,32640,51401,6877,5348,-1
952403,NULL,200,500,1,45_11_2_1,21_35_49_63_77_91_105_119_133_147_161_175_189_203_217_231_256,20,32640,51401,6445,5012,-1
377205,NULL,200,500,1,39_13_5_5_4_3_3_3_2_2_2_2_2_1,21_35_49_63_77_91_105_119_133_147_161_175_189_203_217_231_256,21,32640,51401,6931,5390,-1
861812,NULL,200,500,1,163_60_17_6_2_1,21_35_49_63_77_91_105_119_133_147_161_175_189_203_217_231_256,22,32640,51401,9865,7672,-1
290022,NULL,200,500,1,136_58_28_17_14_9_6_4_4_2_2_2_2_2_2_1,21_35_49_63_77_91_105_119_133_147_161_175_189_203_217_231_256,23,32640,51401,10585,8232,-1
703940,NULL,200,500,1,67_15_5_3_3_3_3_2_2_2_2_2_2_1,21_35_49_63_77_91_105_119_133_147_161_175_189_203_217_231_256,24,32640,51401,7399,5754,-1
828320,NULL,200,500,1,87_10_6_4_3_3_3_2_2_2_1,21_35_49_63_77_91_105_119_133_147_161_175_189_203_217_231_256,25,32640,51401,7597,5908,-1
377732,NULL,200,500,1,200_200_191_150_70_16_8_8_8_8_8_8_8_8_8_8_8,21_35_49_63_77_91_105_119_133_147_161_175_189_203_217_231_256,26,32640,51401,21822,16986,-1
656053,NULL,200,500,1,57_30_16_12_10_7_7_6_5_5_3_2_1,21_35_49_63_77_91_105_119_133_147_161_175_189_203_217_231_256,27,32640,51401,8281,6440,-1
729727,NULL,200,500,1,85_33_21_11_8_4_3_3_3_3_2_2_2_2_2_1,21_35_49_63_77_91_105_119_133_147_161_175_189_203_217_231_256,28,32640,51401,8713,6776,-1
88384,NULL,200,500,1,142_44_21_18_16_12_7_6_5_5_4_4_2_1,21_35_49_63_77_91_105_119_133_147_161_175_189_203_217_231_256,29,32640,51401,10549,8204,-1
761778,NULL,200,500,1,120_45_24_12_9_8_6_5_3_3_3_3_1,21_35_49_63_77_91_105_119_133_147_161_175_189_203_217_231_256,30,32640,51401,9739,7574,-1
195890,NULL,200,500,1,106_34_18_14_10_6_6_5_4_4_4_4_4_4_3_3_1,21_35_49_63_77_91_105_119_133_147_161_175_189_203_217_231_256,31,32640,51401,9556,7439,-1
289810,NULL,200,500,1,55_11_5_3_2_2_1,21_35_49_63_77_91_105_119_133_147_161_175_189_203_217_231_256,32,32640,51401,6805,5292,-1
241210,NULL,200,500,1,41_15_6_5_3_3_2_2_2_2_1,21_35_49_63_77_91_105_119_133_147_161_175_189_203_217_231_256,33,32640,51401,6859,5334,-1
284534,NULL,200,500,1,62_21_7_6_6_4_3_3_2_2_2_2_2_2_2_2_1,21_35_49_63_77_91_105_119_133_147_161_175_189_203_217_231_256,34,32640,51401,7727,6014,-1
943446,NULL,200,500,1,86_36_9_7_5_2_2_2_2_2_2_1,21_35_49_63_77_91_105_119_133_147_161_175_189_203_217_231_256,35,32640,51401,8191,6370,-1
433380,NULL,200,500,1,26_5_4_1,21_35_49_63_77_91_105_119_133_147_161_175_189_203_217_231_256,36,32640,51401,6031,4690,-1
856617,NULL,200,500,1,105_36_14_11_7_6_5_5_5_4_4_3_3_2_2_2_1,21_35_49_63_77_91_105_119_133_147_161_175_189_203_217_231_256,37,32640,51401,9275,7218,-1
136763,NULL,200,500,1,50_17_10_6_5_5_4_3_2_2_2_2_2_2_1,21_35_49_63_77_91_105_119_133_147_161_175_189_203_217_231_256,38,32640,51401,7417,5768,-1
248038,NULL,200,500,1,21_10_7_4_2_2_2_2_2_2_2_2_2_2_2_1,21_35_49_63_77_91_105_119_133_147_161_175_189_203_217_231_256,39,32640,51401,6553,5096,-1
11616,NULL,200,500,1,95_39_16_9_9_6_3_3_3_3_3_3_3_2_2_2_1,21_35_49_63_77_91_105_119_133_147_161_175_189_203_217_231_256,40,32640,51401,9041,7036,-1
473199,NULL,200,500,1,55_15_7_5_5_5_5_5_4_4_2_2_1,21_35_49_63_77_91_105_119_133_147_161_175_189_203_217_231_256,41,32640,51401,7453,5796,-1
950427,NULL,200,500,1,66_26_19_13_8_6_4_3_2_2_2_2_2_2_2_2_1,21_35_49_63_77_91_105_119_133_147_161_175_189_203_217_231_256,42,32640,51401,8321,6476,-1
520071,NULL,200,500,1,114_26_13_10_9_7_4_4_3_1,21_35_49_63_77_91_105_119_133_147_161_175_189_203_217_231_256,43,32640,51401,8821,6860,-1
719362,NULL,200,500,1,58_19_7_6_5_4_4_4_4_2_2_2_2_2_2_2_1,21_35_49_63_77_91_105_119_133_147_161_175_189_203_217_231_256,44,32640,51401,7673,5972,-1
163538,NULL,200,500,1,78_32_21_14_11_10_9_7_6_5_4_3_3_2_2_2_1,21_35_49_63_77_91_105_119_133_147_161_175_189_203_217_231_256,45,32640,51401,9185,7148,-1
59585,NULL,200,500,1,116_25_8_7_5_4_3_3_3_2_2_1,21_35_49_63_77_91_105_119_133_147_161_175_189_203_217_231_256,46,32640,51401,8605,6692,-1
223269,NULL,200,500,1,60_12_5_2_1,21_35_49_63_77_91_105_119_133_147_161_175_189_203_217_231_256,47,32640,51401,6823,5306,-1
952670,NULL,200,500,1,34_11_9_6_3_3_3_2_1,21_35_49_63_77_91_105_119_133_147_161_175_189_203_217_231_256,48,32640,51401,6679,5194,-1
697235,NULL,200,500,1,77_25_17_10_7_4_4_4_4_4_3_3_3_2_2_1,21_35_49_63_77_91_105_119_133_147_161_175_189_203_217_231_256,49,32640,51401,8443,6566,-1
929771,NULL,200,500,1,138_50_26_13_5_1,21_35_49_63_77_91_105_119_133_147_161_175_189_203_217_231_256,50,32640,51401,9577,7448,-1
774914,NULL,200,500,1,66_11_5_5_5_4_4_3_2_2_2_1,21_35_49_63_77_91_105_119_133_147_161_175_189_203_217_231_256,51,32640,51401,7363,5726,-1
260829,NULL,200,500,1,96_31_8_3_2_2_2_2_2_2_2_2_2_1,21_35_49_63_77_91_105_119_133_147_161_175_189_203_217_231_256,52,32640,51401,8209,6384,-1
191362,NULL,200,500,1,44_9_4_1,21_35_49_63_77_91_105_119_133_147_161_175_189_203_217_231_256,53,32640,51401,6427,4998,-1
612630,NULL,200,500,1,105_34_14_6_3_2_2_2_1,21_35_49_63_77_91_105_119_133_147_161_175_189_203_217_231_256,54,32640,51401,8425,6552,-1
141531,NULL,200,500,1,134_33_18_13_13_10_7_4_3_3_3_2_2_1,21_35_49_63_77_91_105_119_133_147_161_175_189_203_217_231_256,55,32640,51401,9811,7630,-1
484078,NULL,200,500,1,200_200_199_194_153_106_83_74_33_16_2_2_2_2_2_2_2,21_35_49_63_77_91_105_119_133_147_161_175_189_203_217_231_256,56,32640,51401,28284,22002,-1
538094,NULL,200,500,1,37_9_5_3_3_2_2_2_1,21_35_49_63_77_91_105_119_133_147_161_175_189_203_217_231_256,57,32640,51401,6535,5082,-1
252498,NULL,200,500,1,32_11_5_5_5_3_2_2_1,21_35_49_63_77_91_105_119_133_147_161_175_189_203_217_231_256,58,32640,51401,6571,5110,-1
971107,NULL,200,500,1,56_19_11_7_5_4_4_2_2_2_2_2_2_2_1,21_35_49_63_77_91_105_119_133_147_161_175_189_203_217_231_256,59,32640,51401,7561,5880,-1
58347,NULL,200,500,1,16_1,21_35_49_63_77_91_105_119_133_147_161_175_189_203_217_231_256,60,32640,51401,5689,4424,-1
924362,NULL,200,500,1,21_13_10_4_3_2_2_2_2_2_2_2_2_1,21_35_49_63_77_91_105_119_133_147_161_175_189_203_217_231_256,61,32640,51401,6607,5138,-1
40403,NULL,200,500,1,139_28_20_14_10_8_7_7_7_3_3_3_3_3_3_3_1,21_35_49_63_77_91_105_119_133_147_161_175_189_203_217_231_256,62,32640,51401,10132,7887,-1
967967,NULL,200,500,1,62_19_11_6_5_4_4_2_2_2_1,21_35_49_63_77_91_105_119_133_147_161_175_189_203_217_231_256,63,32640,51401,7507,5838,-1
410442,NULL,200,500,1,177_91_31_13_6_5_4_3_3_2_2_2_1,21_35_49_63_77_91_105_119_133_147_161_175_189_203_217_231_256,64,32640,51401,11503,8946,-1
151599,NULL,200,500,1,10_4_3_2_2_2_2_2_1,21_35_49_63_77_91_105_119_133_147_161_175_189_203_217_231_256,65,32640,51401,5887,4578,-1
624679,NULL,200,500,1,28_9_4_3_3_2_2_2_1,21_35_49_63_77_91_105_119_133_147_161_175_189_203_217_231_256,66,32640,51401,6355,4942,-1
708184,NULL,200,500,1,47_8_5_4_1,21_35_49_63_77_91_105_119_133_147_161_175_189_203_217_231_256,67,32640,51401,6553,5096,-1
396424,NULL,200,500,1,131_24_5_2_2_1,21_35_49_63_77_91_105_119_133_147_161_175_189_203_217_231_256,68,32640,51401,8353,6496,-1
476106,NULL,200,500,1,113_45_20_14_10_8_8_7_3_2_2_2_2_1,21_35_49_63_77_91_105_119_133_147_161_175_189_203_217_231_256,69,32640,51401,9649,7504,-1
667539,NULL,200,500,1,63_15_5_3_3_2_2_2_2_2_2_1,21_35_49_63_77_91_105_119_133_147_161_175_189_203_217_231_256,70,32640,51401,7219,5614,-1
273583,NULL,200,500,1,40_20_5_3_2_2_2_2_2_1,21_35_49_63_77_91_105_119_133_147_161_175_189_203_217_231_256,71,32640,51401,6805,5292,-1
312416,NULL,200,500,1,170_71_33_18_12_7_5_4_4_2_2_2_2_1,21_35_49_63_77_91_105_119_133_147_161_175_189_203_217_231_256,72,32640,51401,11377,8848,-1
698699,NULL,200,500,1,21_6_2_1,21_35_49_63_77_91_105_119_133_147_161_175_189_203_217_231_256,73,32640,51401,5923,4606,-1
455863,NULL,200,500,1,63_14_2_1,21_35_49_63_77_91_105_119_133_147_161_175_189_203_217_231_256,74,32640,51401,6823,5306,-1
834472,NULL,200,500,1,50_22_9_6_5_5_4_4_3_3_2_2_2_1,21_35_49_63_77_91_105_119_133_147_161_175_189_203_217_231_256,75,32640,51401,7507,5838,-1
445837,NULL,200,500,1,38_13_8_7_3_3_3_3_2_2_2_2_1,21_35_49_63_77_91_105_119_133_147_161_175_189_203_217_231_256,76,32640,51401,6949,5404,-1
725741,NULL,200,500,1,36_9_6_4_3_2_1,21_35_49_63_77_91_105_119_133_147_161_175_189_203_217_231_256,77,32640,51401,6481,5040,-1
545746,NULL,200,500,1,37_17_2_1,21_35_49_63_77_91_105_119_133_147_161_175_189_203_217_231_256,78,32640,51401,6409,4984,-1
238518,NULL,200,500,1,200_200_200_189_172_110_88_86_64_51_40_37_20_9_2_2_2,21_35_49_63_77_91_105_119_133_147_161_175_189_203_217_231_256,79,32640,51401,31884,24802,-1
364423,NULL,200,500,1,40_14_7_4_3_2_2_2_2_2_2_2_2_2_2_1,21_35_49_63_77_91_105_119_133_147_161_175_189_203_217_231_256,80,32640,51401,6985,5432,-1
558270,NULL,200,500,1,72_32_13_4_3_2_2_2_2_1,21_35_49_63_77_91_105_119_133_147_161_175_189_203_217_231_256,81,32640,51401,7777,6048,-1
472558,NULL,200,500,1,118_49_27_12_8_5_4_3_3_2_2_2_2_2_2_1,21_35_49_63_77_91_105_119_133_147_161_175_189_203_217_231_256,82,32640,51401,9739,7574,-1
