qid,WChoice,NumMachine,NumForEach,k,LevelRs,Pivots,RepeatTime,MatCost,NaiveCost,Cost,QCost,EstResSite
965203,NULL,200,200,1,200_200_200_174_91_25_7_4_2_1,12_24_36_48_60_72_84_96_108_128,0,8128,25801,18065,13252,NULL
539018,NULL,200,200,1,200_199_199_196_181_130_34_19_5_1,12_24_36_48_60_72_84_96_108_128,1,8128,25801,22249,16396,NULL
553452,NULL,200,200,1,199_197_186_135_84_29_11_4_2_1,12_24_36_48_60_72_84_96_108_128,2,8128,25801,17169,12580,NULL
474849,NULL,200,200,1,200_199_171_110_52_22_6_5_3_1,12_24_36_48_60_72_84_96_108_128,3,8128,25801,15913,11640,NULL
189013,NULL,200,200,1,200_200_184_134_71_23_12_3_2_1,12_24_36_48_60_72_84_96_108_128,4,8128,25801,16881,12364,NULL
37540,NULL,200,200,1,200_199_195_141_62_36_15_8_4_1,12_24_36_48_60_72_84_96_108_128,5,8128,25801,17393,12752,NULL
397715,NULL,200,200,1,200_195_98_38_26_14_9_4_3_1,12_24_36_48_60_72_84_96_108_128,6,8128,25801,13017,9468,NULL
503696,NULL,200,200,1,200_200_197_191_154_109_58_19_11_1,12_24_36_48_60_72_84_96_108_128,7,8128,25801,21913,16156,NULL
775155,NULL,200,200,1,200_200_181_99_18_7_3_2_1,12_24_36_48_60_72_84_96_108_128,8,8128,25801,14961,10920,NULL
339562,NULL,200,200,1,200_200_199_164_104_29_9_2_1_1,12_24_36_48_60_72_84_96_108_128,9,8128,25801,18137,13304,NULL
969910,NULL,200,200,1,200_183_90_26_11_7_2_2_2_1,12_24_36_48_60_72_84_96_108_128,10,8128,25801,11985,8692,NULL
112810,NULL,200,200,1,199_188_156_116_68_46_25_21_11_1,12_24_36_48_60_72_84_96_108_128,11,8128,25801,16969,12448,NULL
657243,NULL,200,200,1,200_200_200_200_190_128_42_13_1,12_24_36_48_60_72_84_96_108_128,12,8128,25801,22369,16476,NULL
28686,NULL,200,200,1,200_200_186_172_119_72_33_11_6_1,12_24_36_48_60_72_84_96_108_128,13,8128,25801,19633,14436,NULL
219726,NULL,200,200,1,199_196_170_103_77_54_24_11_5_1,12_24_36_48_60_72_84_96_108_128,14,8128,25801,17065,12508,NULL
127643,NULL,200,200,1,200_200_197_169_101_38_17_7_2_1,12_24_36_48_60_72_84_96_108_128,15,8128,25801,18513,13588,NULL
978083,NULL,200,200,1,200_200_197_192_160_108_41_17_10_1,12_24_36_48_60_72_84_96_108_128,16,8128,25801,21681,15980,NULL
678971,NULL,200,200,1,200_200_199_191_134_52_25_3_2_1,12_24_36_48_60_72_84_96_108_128,17,8128,25801,19713,14488,NULL
554003,NULL,200,200,1,200_199_168_92_32_17_10_6_4_1,12_24_36_48_60_72_84_96_108_128,18,8128,25801,15281,11168,NULL
862445,NULL,200,200,1,200_198_188_121_60_29_9_5_4_1,12_24_36_48_60_72_84_96_108_128,19,8128,25801,16657,12200,NULL
952403,NULL,200,200,1,200_200_200_184_117_64_18_8_4_1,12_24_36_48_60_72_84_96_108_128,20,8128,25801,19553,14372,NULL
377205,NULL,200,200,1,200_199_199_186_128_92_37_16_8_1,12_24_36_48_60_72_84_96_108_128,21,8128,25801,20705,15244,NULL
861812,NULL,200,200,1,200_199_199_194_163_114_70_18_8_1,12_24_36_48_60_72_84_96_108_128,22,8128,25801,22305,16444,NULL
290022,NULL,200,200,1,200_200_198_192_181_133_82_29_11_1,12_24_36_48_60_72_84_96_108_128,23,8128,25801,23305,17200,NULL
703940,NULL,200,200,1,199_196_181_132_106_72_48_27_7_1,12_24_36_48_60_72_84_96_108_128,24,8128,25801,19145,14072,NULL
828320,NULL,200,200,1,200_199_197_193_149_66_29_8_2_1,12_24_36_48_60_72_84_96_108_128,25,8128,25801,20305,14932,NULL
377732,NULL,200,200,1,200_200_199_196_137_91_27_10_4_1,12_24_36_48_60_72_84_96_108_128,26,8128,25801,20657,15200,NULL
656053,NULL,200,200,1,180_63_32_22_15_7_5_3_2_1,12_24_36_48_60_72_84_96_108_128,27,8128,25801,8881,6364,NULL
729727,NULL,200,200,1,199_199_189_121_72_28_13_8_5_1,12_24_36_48_60_72_84_96_108_128,28,8128,25801,16985,12448,NULL
88384,NULL,200,200,1,200_199_196_178_148_83_55_20_6_1,12_24_36_48_60_72_84_96_108_128,29,8128,25801,21009,15468,NULL
761778,NULL,200,200,1,200_199_198_162_33_13_9_6_3_1,12_24_36_48_60_72_84_96_108_128,30,8128,25801,16793,12300,NULL
195890,NULL,200,200,1,199_199_196_182_134_78_29_8_3_1,12_24_36_48_60_72_84_96_108_128,31,8128,25801,20073,14760,NULL
289810,NULL,200,200,1,200_199_199_196_126_34_9_1,12_24_36_48_60_72_84_96_108_128,32,8128,25801,19009,13956,NULL
241210,NULL,200,200,1,200_200_200_193_170_128_42_13_5_1,12_24_36_48_60_72_84_96_108_128,33,8128,25801,22057,16252,NULL
284534,NULL,200,200,1,200_200_162_51_13_7_5_2_2_1,12_24_36_48_60_72_84_96_108_128,34,8128,25801,13889,10120,NULL
943446,NULL,200,200,1,199_197_188_153_95_57_29_13_8_1,12_24_36_48_60_72_84_96_108_128,35,8128,25801,18689,13732,NULL
433380,NULL,200,200,1,199_197_189_162_104_43_18_7_2_1,12_24_36_48_60_72_84_96_108_128,36,8128,25801,18353,13468,NULL
856617,NULL,200,200,1,200_200_200_196_125_50_21_7_4_1,12_24_36_48_60_72_84_96_108_128,37,8128,25801,19681,14468,NULL
136763,NULL,200,200,1,200_199_190_149_38_11_2_2_2_1,12_24_36_48_60_72_84_96_108_128,38,8128,25801,16305,11932,NULL
248038,NULL,200,200,1,200_200_181_65_30_18_10_4_3_1,12_24_36_48_60_72_84_96_108_128,39,8128,25801,15001,10956,NULL
11616,NULL,200,200,1,200_200_142_1,12_24_36_48_60_72_84_96_108_128,40,8128,25801,12273,8904,NULL
473199,NULL,200,200,1,199_199_198_194_189_156_103_52_19_1,12_24_36_48_60_72_84_96_108_128,41,8128,25801,24697,18260,NULL
950427,NULL,200,200,1,199_188_141_95_53_30_14_8_4_1,12_24_36_48_60_72_84_96_108_128,42,8128,25801,15345,11216,NULL
520071,NULL,200,200,1,200_199_198_173_115_68_38_18_6_1,12_24_36_48_60_72_84_96_108_128,43,8128,25801,19889,14628,NULL
719362,NULL,200,200,1,200_200_189_146_91_46_19_8_6_1,12_24_36_48_60_72_84_96_108_128,44,8128,25801,18129,13308,NULL
163538,NULL,200,200,1,200_200_194_173_90_39_14_4_2_1,12_24_36_48_60_72_84_96_108_128,45,8128,25801,18273,13408,NULL
59585,NULL,200,200,1,200_200_188_122_53_29_14_9_4_1,12_24_36_48_60_72_84_96_108_128,46,8128,25801,16737,12260,NULL
223269,NULL,200,200,1,200_200_200_181_118_67_40_18_4_1,12_24_36_48_60_72_84_96_108_128,47,8128,25801,20081,14768,NULL
952670,NULL,200,200,1,200_199_196_186_139_63_18_8_2_1,12_24_36_48_60_72_84_96_108_128,48,8128,25801,19793,14548,NULL
697235,NULL,200,200,1,200_199_197_183_115_53_25_13_6_1,12_24_36_48_60_72_84_96_108_128,49,8128,25801,19505,14340,NULL
929771,NULL,200,200,1,200_199_199_190_128_52_20_12_6_1,12_24_36_48_60_72_84_96_108_128,50,8128,25801,19745,14520,NULL
774914,NULL,200,200,1,200_200_192_153_87_19_3_3_1,12_24_36_48_60_72_84_96_108_128,51,8128,25801,17313,12684,NULL
260829,NULL,200,200,1,200_200_198_196_119_42_15_4_2_1,12_24_36_48_60_72_84_96_108_128,52,8128,25801,19233,14128,NULL
191362,NULL,200,200,1,159_74_43_24_17_13_10_7_6_1,12_24_36_48_60_72_84_96_108_128,53,8128,25801,9297,6684,NULL
612630,NULL,200,200,1,200_197_188_106_31_11_7_5_3_1,12_24_36_48_60_72_84_96_108_128,54,8128,25801,15593,11400,NULL
141531,NULL,200,200,1,200_199_195_175_134_81_28_8_3_1,12_24_36_48_60_72_84_96_108_128,55,8128,25801,19993,14700,NULL
484078,NULL,200,200,1,200_200_199_191_156_81_25_9_3_1,12_24_36_48_60_72_84_96_108_128,56,8128,25801,20649,15192,NULL
538094,NULL,200,200,1,200_200_111_24_12_6_4_3_3_1,12_24_36_48_60_72_84_96_108_128,57,8128,25801,12633,9180,NULL
252498,NULL,200,200,1,199_195_174_123_76_45_23_17_13_1,12_24_36_48_60_72_84_96_108_128,58,8128,25801,17545,12884,NULL
971107,NULL,200,200,1,199_196_190_142_93_41_18_7_3_1,12_24_36_48_60_72_84_96_108_128,59,8128,25801,17849,13092,NULL
58347,NULL,200,200,1,200_199_199_189_123_61_29_17_10_1,12_24_36_48_60_72_84_96_108_128,60,8128,25801,20113,14804,NULL
924362,NULL,200,200,1,200_199_199_183_145_95_44_15_5_1,12_24_36_48_60_72_84_96_108_128,61,8128,25801,21001,15460,NULL
40403,NULL,200,200,1,200_200_200_189_120_38_18_11_7_1,12_24_36_48_60_72_84_96_108_128,62,8128,25801,19385,14252,NULL
967967,NULL,200,200,1,200_198_192_177_119_67_34_9_3_1,12_24_36_48_60_72_84_96_108_128,63,8128,25801,19609,14412,NULL
410442,NULL,200,200,1,198_187_143_100_43_9_3_2_1,12_24_36_48_60_72_84_96_108_128,64,8128,25801,14561,10620,NULL
151599,NULL,200,200,1,200_200_198_179_143_79_26_11_1,12_24_36_48_60_72_84_96_108_128,65,8128,25801,20177,14832,NULL
624679,NULL,200,200,1,200_200_199_193_182_162_86_29_8_1,12_24_36_48_60_72_84_96_108_128,66,8128,25801,23809,17572,NULL
708184,NULL,200,200,1,200_199_199_160_107_59_28_10_4_1,12_24_36_48_60_72_84_96_108_128,67,8128,25801,19089,14024,NULL
396424,NULL,200,200,1,199_195_185_124_59_27_9_3_3_1,12_24_36_48_60_72_84_96_108_128,68,8128,25801,16489,12072,NULL
476106,NULL,200,200,1,200_200_200_180_106_54_22_13_7_1,12_24_36_48_60_72_84_96_108_128,69,8128,25801,19369,14240,NULL
667539,NULL,200,200,1,133_59_21_6_3_3_2_2_2_1,12_24_36_48_60_72_84_96_108_128,70,8128,25801,7313,5188,NULL
273583,NULL,200,200,1,200_200_200_194_170_116_55_21_2_1,12_24_36_48_60_72_84_96_108_128,71,8128,25801,22145,16312,NULL
312416,NULL,200,200,1,200_199_184_120_32_13_9_6_2_1,12_24_36_48_60_72_84_96_108_128,72,8128,25801,15857,11596,NULL
698699,NULL,200,200,1,200_199_196_177_116_53_12_5_3_1,12_24_36_48_60_72_84_96_108_128,73,8128,25801,19001,13956,NULL
455863,NULL,200,200,1,200_197_194_170_108_57_19_6_2_1,12_24_36_48_60_72_84_96_108_128,74,8128,25801,18865,13852,NULL
834472,NULL,200,200,1,199_162_58_25_15_9_7_3_2_1,12_24_36_48_60_72_84_96_108_128,75,8128,25801,11297,8176,NULL
445837,NULL,200,200,1,200_200_189_95_39_22_15_5_3_1,12_24_36_48_60_72_84_96_108_128,76,8128,25801,15913,11640,NULL
725741,NULL,200,200,1,199_198_194_190_165_129_77_24_10_1,12_24_36_48_60_72_84_96_108_128,77,8128,25801,22657,16712,NULL
545746,NULL,200,200,1,198_133_94_62_43_18_9_3_1,12_24_36_48_60_72_84_96_108_128,78,8128,25801,12561,9120,NULL
238518,NULL,200,200,1,200_199_198_180_141_36_15_4_1,12_24_36_48_60_72_84_96_108_128,79,8128,25801,19169,14076,NULL
364423,NULL,200,200,1,200_200_190_98_45_16_12_8_3_1,12_24_36_48_60_72_84_96_108_128,80,8128,25801,15977,11688,NULL
558270,NULL,200,200,1,200_200_200_186_72_21_8_5_4_1,12_24_36_48_60_72_84_96_108_128,81,8128,25801,17969,13184,NULL
472558,NULL,200,200,1,200_200_195_182_79_42_17_8_4_1,12_24_36_48_60_72_84_96_108_128,82,8128,25801,18465,13556,NULL
704357,NULL,200,200,1,200_200_180_52_7_4_2_2_1,12_24_36_48_60_72_84_96_108_128,83,8128,25801,13953,10164,NULL
674000,NULL,200,200,1,199_169_78_28_12_7_3_2_1,12_24_36_48_60_72_84_96_108_128,84,8128,25801,11569,8376,NULL
694542,NULL,200,200,1,200_200_200_193_141_82_39_18_6_1,12_24_36_48_60_72_84_96_108_128,85,8128,25801,20913,15396,NULL
243894,NULL,200,200,1,199_199_177_118_69_37_18_8_6_1,12_24_36_48_60_72_84_96_108_128,86,8128,25801,16945,12420,NULL
867001,NULL,200,200,1,200_200_198_188_128_67_34_14_8_1,12_24_36_48_60_72_84_96_108_128,87,8128,25801,20257,14908,NULL
914365,NULL,200,200,1,200_200_178_110_69_40_15_7_3_1,12_24_36_48_60_72_84_96_108_128,88,8128,25801,16777,12288,NULL
357978,NULL,200,200,1,200_200_196_183_129_60_35_17_8_1,12_24_36_48_60_72_84_96_108_128,89,8128,25801,20113,14800,NULL
902002,NULL,200,200,1,194_113_69_43_26_13_8_5_4_1,12_24_36_48_60_72_84_96_108_128,90,8128,25801,11233,8132,NULL
476449,NULL,200,200,1,200_200_200_165_80_43_24_9_6_1,12_24_36_48_60_72_84_96_108_128,91,8128,25801,18481,13572,NULL
271658,NULL,200,200,1,200_200_198_166_107_57_22_8_3_1,12_24_36_48_60_72_84_96_108_128,92,8128,25801,19001,13956,NULL
62404,NULL,200,200,1,200_197_188_145_67_31_13_6_2_1,12_24_36_48_60_72_84_96_108_128,93,8128,25801,17201,12604,NULL
686552,NULL,200,200,1,200_199_198_192_170_110_56_20_8_1,12_24_36_48_60_72_84_96_108_128,94,8128,25801,22113,16300,NULL
687927,NULL,200,200,1,200_200_196_183_149_97_52_14_5_1,12_24_36_48_60_72_84_96_108_128,95,8128,25801,21177,15592,NULL
659246,NULL,200,200,1,200_200_200_197_172_127_37_12_3_1,12_24_36_48_60_72_84_96_108_128,96,8128,25801,21993,16200,NULL
423300,NULL,200,200,1,200_200_200_193_105_29_12_2_2_1,12_24_36_48_60_72_84_96_108_128,97,8128,25801,18705,13732,NULL
96253,NULL,200,200,1,200_198_197_189_120_55_32_14_6_1,12_24_36_48_60_72_84_96_108_128,98,8128,25801,19825,14580,NULL
3311,NULL,200,200,1,200_199_183_24_1,12_24_36_48_60_72_84_96_108_128,99,8128,25801,13297,9672,NULL
965203,NULL,200,200,10,200_200_200_200_188_135_98_53_27_9,12_24_36_48_60_72_84_96_108_128,0,8128,27610,24683,18228,NULL
539018,NULL,200,200,10,200_200_199_198_196_165_106_65_33_9,12_24_36_48_60_72_84_96_108_128,1,8128,27610,25679,19008,NULL
553452,NULL,200,200,10,199_197_194_167_127_90_58_41_22_9,12_24_36_48_60_72_84_96_108_128,2,8128,27610,21358,15716,NULL
474849,NULL,200,200,10,200_200_197_159_100_60_49_32_23_8,12_24_36_48_60_72_84_96_108_128,3,8128,27610,20144,14824,NULL
189013,NULL,200,200,10,200_200_199_183_135_82_49_26_17_8,12_24_36_48_60_72_84_96_108_128,4,8128,27610,21240,15628,NULL
37540,NULL,200,200,10,200_199_196_192_134_90_54_36_18_9,12_24_36_48_60_72_84_96_108_128,5,8128,27610,21680,15972,NULL
397715,NULL,200,200,10,200_200_182_126_76_39_26_21_14_9,12_24_36_48_60_72_84_96_108_128,6,8128,27610,17884,13120,NULL
503696,NULL,200,200,10,200_200_199_194_180_135_83_51_27_7,12_24_36_48_60_72_84_96_108_128,7,8128,27610,24167,17844,NULL
775155,NULL,200,200,10,200_200_200_189_122_58_37_19_13_8,12_24_36_48_60_72_84_96_108_128,8,8128,27610,20359,14960,NULL
339562,NULL,200,200,10,200_200_200_198_188_154_98_53_35_8,12_24_36_48_60_72_84_96_108_128,9,8128,27610,25132,18592,NULL
969910,NULL,200,200,10,200_200_184_145_90_45_24_17_13_9,12_24_36_48_60_72_84_96_108_128,10,8128,27610,18477,13520,NULL
112810,NULL,200,200,10,199_193_167_125_90_64_46_32_23_9,12_24_36_48_60_72_84_96_108_128,11,8128,27610,18951,13852,NULL
657243,NULL,200,200,10,200_200_200_200_199_190_143_81_41_10,12_24_36_48_60_72_84_96_108_128,12,8128,27610,27248,20176,NULL
28686,NULL,200,200,10,200_200_196_186_168_114_83_45_30_9,12_24_36_48_60_72_84_96_108_128,13,8128,27610,23425,17304,NULL
219726,NULL,200,200,10,199_196_188_156_116_91_61_39_22_9,12_24_36_48_60_72_84_96_108_128,14,8128,27610,20913,15392,NULL
127643,NULL,200,200,10,200_200_200_198_189_160_111_65_41_10,12_24_36_48_60_72_84_96_108_128,15,8128,27610,25778,19096,NULL
978083,NULL,200,200,10,200_200_200_195_189_171_114_76_39_10,12_24_36_48_60_72_84_96_108_128,16,8128,27610,26079,19320,NULL
678971,NULL,200,200,10,200_200_200_196_188_142_88_46_27_9,12_24_36_48_60_72_84_96_108_128,17,8128,27610,24454,18060,NULL
554003,NULL,200,200,10,200_200_183_127_80_48_31_21_14_9,12_24_36_48_60_72_84_96_108_128,18,8128,27610,18307,13360,NULL
862445,NULL,200,200,10,200_198_196_188_151_89_46_29_18_9,12_24_36_48_60_72_84_96_108_128,19,8128,27610,21619,15924,NULL
952403,NULL,200,200,10,200_200_200_198_164_113_92_56_25_10,12_24_36_48_60_72_84_96_108_128,20,8128,27610,23807,17576,NULL
