qid,WChoice,NumMachine,NumForEach,k,LevelRs,Pivots,RepeatTime,MatCost,NaiveCost,Cost,QCost,EstResSite
965203,NULL,500,200,1,500_500_500_500_500_500_500_500_500_1,12_24_36_48_60_72_84_96_108_128,0,8128,64501,85001,64000,NULL
539018,NULL,500,200,1,500_1,17_128,1,8128,64501,69001,64000,500.0_500.0_500.0_500.0_500.0_500.0_500.0_500.0_500.0_500.0_500.0_500.0_500.0_500.0_500.0_500.0_500.0_500.0_500.0_500.0_500.0_500.0_500.0_500.0_500.0_500.0_500.0_500.0_500.0_500.0_500.0_500.0_500.0_500.0_500.0_500.0_500.0_500.0_500.0_500.0_500.0_500.0_500.0_500.0_500.0_500.0_500.0_500.0_500.0_500.0_500.0_500.0_500.0_500.0_500.0_500.0_500.0_500.0_500.0_500.0_500.0_500.0_500.0_500.0_500.0_500.0_500.0_500.0_500.0_500.0_500.0_500.0_500.0_500.0_500.0_500.0_500.0_500.0_500.0_500.0_500.0_500.0_500.0_500.0_500.0_500.0_500.0_500.0_500.0_500.0_500.0_500.0_500.0_500.0_500.0_500.0_500.0_500.0_500.0_500.0_500.0_500.0_500.0_500.0_500.0_500.0_500.0_500.0_500.0_475.05_450.1_425.15_400.2_375.25_350.3_325.35_300.4_275.45_250.5_225.55_200.6_175.65_150.7_125.75_100.8_75.85_50.9_25.95_1.0
553452,NULL,500,200,1,1,128,2,8128,64501,67001,64000,-1
474849,NULL,500,200,1,500_500_500_500_500_500_500_464_1,120_121_122_123_124_125_126_127_128,3,8128,64501,82821,63964,-1
189013,NULL,500,200,1,1,128,4,8128,64501,67001,64000,-1
37540,NULL,500,200,1,1,128,5,8128,64501,67001,64000,-1
397715,NULL,500,200,1,43_13_1,126_127_128,6,8128,64501,66281,63056,-1
503696,NULL,500,200,1,468_341_98_1,125_126_127_128,7,8128,64501,70036,63407,-1
775155,NULL,500,200,1,6_1,127_128,8,8128,64501,66531,63506,-1
339562,NULL,500,200,1,346_1,127_128,9,8128,64501,68231,63846,-1
969910,NULL,500,200,1,4_1,127_128,10,8128,64501,66521,63504,-1
112810,NULL,500,200,1,172_1,127_128,11,8128,64501,67361,63672,-1
657243,NULL,500,200,1,184_1,127_128,12,8128,64501,67421,63684,-1
28686,NULL,500,200,1,1,128,13,8128,64501,67001,64000,-1
219726,NULL,500,200,1,1,127_128,14,8128,64501,66501,63500,-1
127643,NULL,500,200,1,62_1,127_128,15,8128,64501,66811,63562,-1
978083,NULL,500,200,1,49_1,127_128,16,8128,64501,66746,63549,-1
678971,NULL,500,200,1,345_1,127_128,17,8128,64501,68226,63845,-1
554003,NULL,500,200,1,152_1,127_128,18,8128,64501,67261,63652,-1
862445,NULL,500,200,1,1,128,19,8128,64501,67001,64000,-1
952403,NULL,500,200,1,2_1,127_128,20,8128,64501,66511,63502,-1
377205,NULL,500,200,1,1,127_128,21,8128,64501,66501,63500,-1
861812,NULL,500,200,1,3_1,127_128,22,8128,64501,66516,63503,-1
290022,NULL,500,200,1,318_1,127_128,23,8128,64501,68091,63818,-1
703940,NULL,500,200,1,17_1,127_128,24,8128,64501,66586,63517,-1
828320,NULL,500,200,1,342_1,127_128,25,8128,64501,68211,63842,-1
377732,NULL,500,200,1,1,128,26,8128,64501,67001,64000,-1
656053,NULL,500,200,1,415_1,127_128,27,8128,64501,68576,63915,-1
729727,NULL,500,200,1,1,128,28,8128,64501,67001,64000,-1
88384,NULL,500,200,1,1,128,29,8128,64501,67001,64000,-1
761778,NULL,500,200,1,1,128,30,8128,64501,67001,64000,-1
195890,NULL,500,200,1,54_1,127_128,31,8128,64501,66771,63554,-1
289810,NULL,500,200,1,33_1,127_128,32,8128,64501,66666,63533,-1
241210,NULL,500,200,1,1,127_128,33,8128,64501,66501,63500,-1
284534,NULL,500,200,1,3_1,127_128,34,8128,64501,66516,63503,-1
943446,NULL,500,200,1,1,127_128,35,8128,64501,66501,63500,-1
433380,NULL,500,200,1,9_1,127_128,36,8128,64501,66546,63509,-1
856617,NULL,500,200,1,1,126_127_128,37,8128,64501,66001,63000,-1
136763,NULL,500,200,1,500_482_1,126_127_128,38,8128,64501,70911,63982,-1
248038,NULL,500,200,1,28_1,127_128,39,8128,64501,66641,63528,-1
11616,NULL,500,200,1,70_1,127_128,40,8128,64501,66851,63570,-1
473199,NULL,500,200,1,8_1,127_128,41,8128,64501,66541,63508,-1
950427,NULL,500,200,1,1,127_128,42,8128,64501,66501,63500,-1
520071,NULL,500,200,1,3_1,126_127_128,43,8128,64501,66016,63003,-1
719362,NULL,500,200,1,15_7_1,126_127_128,44,8128,64501,66111,63022,-1
163538,NULL,500,200,1,1,126_127_128,45,8128,64501,66001,63000,-1
59585,NULL,500,200,1,491_398_92_1,125_126_127_128,46,8128,64501,70406,63481,-1
223269,NULL,500,200,1,9_5_1,126_127_128,47,8128,64501,66071,63014,-1
952670,NULL,500,200,1,7_5_1,126_127_128,48,8128,64501,66061,63012,-1
697235,NULL,500,200,1,500_491_1,126_127_128,49,8128,64501,70956,63991,-1
929771,NULL,500,200,1,188_1,127_128,50,8128,64501,67441,63688,-1
774914,NULL,500,200,1,8_1,127_128,51,8128,64501,66541,63508,-1
260829,NULL,500,200,1,1,127_128,52,8128,64501,66501,63500,-1
191362,NULL,500,200,1,12_1,127_128,53,8128,64501,66561,63512,-1
612630,NULL,500,200,1,495_416_1,126_127_128,54,8128,64501,70556,63911,-1
141531,NULL,500,200,1,3_1,127_128,55,8128,64501,66516,63503,-1
484078,NULL,500,200,1,11_1,127_128,56,8128,64501,66556,63511,-1
538094,NULL,500,200,1,454_1,127_128,57,8128,64501,68771,63954,-1
252498,NULL,500,200,1,351_1,127_128,58,8128,64501,68256,63851,-1
971107,NULL,500,200,1,1,127_128,59,8128,64501,66501,63500,-1
58347,NULL,500,200,1,2_1,127_128,60,8128,64501,66511,63502,-1
