qid,WChoice,NumMachine,NumForEach,k,LevelRs,Pivots,RepeatTime,MatCost,NaiveCost,Cost,QCost,EstResSite
965203,NULL,500,200,1,500_500_500_500_500_500_500_500_499_1,12_24_36_48_60_72_84_96_108_128,0,8128,64501,84977,63980,NULL
539018,NULL,500,200,1,500_1,21_128,1,8128,64501,69001,64000,500.0_500.0_500.0_500.0_500.0_500.0_500.0_500.0_500.0_500.0_500.0_500.0_500.0_500.0_500.0_500.0_500.0_500.0_500.0_500.0_500.0_500.0_500.0_500.0_500.0_500.0_500.0_500.0_500.0_500.0_500.0_500.0_500.0_500.0_500.0_500.0_500.0_500.0_500.0_500.0_500.0_500.0_500.0_500.0_500.0_500.0_500.0_500.0_500.0_500.0_500.0_500.0_500.0_500.0_500.0_500.0_500.0_500.0_500.0_500.0_500.0_500.0_500.0_500.0_500.0_500.0_500.0_500.0_500.0_500.0_500.0_500.0_500.0_500.0_500.0_500.0_500.0_500.0_500.0_500.0_500.0_500.0_500.0_500.0_500.0_500.0_500.0_500.0_500.0_500.0_500.0_500.0_500.0_500.0_500.0_500.0_500.0_499.9167_499.8333_499.75_499.6667_499.5833_499.5_499.4167_499.3333_499.25_499.1667_499.0833_499.0_474.1_449.2_424.3_399.4_374.5_349.6_324.7_299.8_274.9_250.0_225.1_200.2_175.3_150.4_125.5_100.6_75.7_50.8_25.9_1.0
553452,NULL,500,200,1,1,128,2,8128,64501,67001,64000,-1
474849,NULL,500,200,1,6_6_6_6_5_4_1,120_121_122_123_124_125_126_127_128,3,8128,64501,63166,60033,-1
189013,NULL,500,200,1,476_12_3_3_3_3_3_3_3_2_1,117_118_119_120_121_122_123_124_125_126_127_128,4,8128,64501,64056,59011,-1
37540,NULL,500,200,1,22_19_17_17_2_1,118_119_120_121_122_123_124_125_126_127_128,5,8128,64501,62386,59077,-1
397715,NULL,500,200,1,55_55_55_52_37_1,118_119_120_121_122_123_124_125_126_127_128,6,8128,64501,63271,59254,-1
503696,NULL,500,200,1,2_2_2_2_1,118_119_120_121_122_123_124_125_126_127_128,7,8128,64501,62041,59008,-1
775155,NULL,500,200,1,328_152_120_1,118_119_120_121_122_123_124_125_126_127_128,8,8128,64501,65001,59600,-1
339562,NULL,500,200,1,498_465_436_413_368_366_365_363_259_42_1,118_119_120_121_122_123_124_125_126_127_128,9,8128,64501,79876,62575,-1
969910,NULL,500,200,1,98_96_73_1,120_121_122_123_124_125_126_127_128,10,8128,64501,64336,60267,-1
112810,NULL,500,200,1,352_17_10_10_9_9_9_9_1,120_121_122_123_124_125_126_127_128,11,8128,64501,65126,60425,-1
657243,NULL,500,200,1,82_80_78_77_72_66_5_1,121_122_123_124_125_126_127_128,12,8128,64501,65801,60960,-1
28686,NULL,500,200,1,13_4_1,121_122_123_124_125_126_127_128,13,8128,64501,63586,60517,-1
219726,NULL,500,200,1,1,121_122_123_124_125_126_127_128,14,8128,64501,63501,60500,-1
127643,NULL,500,200,1,194_21_9_9_9_9_8_6_1,120_121_122_123_124_125_126_127_128,15,8128,64501,64326,60265,-1
978083,NULL,500,200,1,13_13_13_13_9_9_1,121_122_123_124_125_126_127_128,16,8128,64501,63851,60570,-1
678971,NULL,500,200,1,12_4_4_4_3_2_1,120_121_122_123_124_125_126_127_128,17,8128,64501,63146,60029,-1
554003,NULL,500,200,1,1,120_121_122_123_124_125_126_127_128,18,8128,64501,63001,60000,-1
862445,NULL,500,200,1,106_85_4_4_4_4_4_4_4_1,119_120_121_122_123_124_125_126_127_128,19,8128,64501,63596,59719,-1
952403,NULL,500,200,1,8_8_6_2_1,119_120_121_122_123_124_125_126_127_128,20,8128,64501,62621,59524,-1
377205,NULL,500,200,1,223_216_6_1,119_120_121_122_123_124_125_126_127_128,21,8128,64501,64726,59945,-1
861812,NULL,500,200,1,8_8_3_1,119_120_121_122_123_124_125_126_127_128,22,8128,64501,62596,59519,-1
290022,NULL,500,200,1,57_43_17_16_16_14_11_9_4_1,119_120_121_122_123_124_125_126_127_128,23,8128,64501,63436,59687,-1
703940,NULL,500,200,1,47_47_27_9_8_8_5_3_2_1,119_120_121_122_123_124_125_126_127_128,24,8128,64501,63281,59656,-1
828320,NULL,500,200,1,5_5_4_2_2_2_2_1,119_120_121_122_123_124_125_126_127_128,25,8128,64501,62611,59522,-1
377732,NULL,500,200,1,6_6_6_1,118_119_120_121_122_123_124_125_126_127_128,26,8128,64501,62091,59018,-1
656053,NULL,500,200,1,1,118_119_120_121_122_123_124_125_126_127_128,27,8128,64501,62001,59000,-1
729727,NULL,500,200,1,15_15_14_6_4_3_2_2_2_2_1,118_119_120_121_122_123_124_125_126_127_128,28,8128,64501,62326,59065,-1
88384,NULL,500,200,1,366_13_12_12_8_8_8_8_1,118_119_120_121_122_123_124_125_126_127_128,29,8128,64501,64176,59435,-1
761778,NULL,500,200,1,7_7_7_5_3_1,118_119_120_121_122_123_124_125_126_127_128,30,8128,64501,62146,59029,-1
195890,NULL,500,200,1,2_2_2_1,118_119_120_121_122_123_124_125_126_127_128,31,8128,64501,62031,59006,-1
289810,NULL,500,200,1,39_39_4_2_2_2_2_2_2_1,118_119_120_121_122_123_124_125_126_127_128,32,8128,64501,62471,59094,-1
241210,NULL,500,200,1,401_48_8_7_7_7_6_5_2_1,118_119_120_121_122_123_124_125_126_127_128,33,8128,64501,64456,59491,-1
284534,NULL,500,200,1,31_30_2_2_2_1,119_120_121_122_123_124_125_126_127_128,34,8128,64501,62836,59567,-1
943446,NULL,500,200,1,32_16_15_13_9_8_8_8_2_1,118_119_120_121_122_123_124_125_126_127_128,35,8128,64501,62556,59111,-1
433380,NULL,500,200,1,37_37_37_26_10_2_1,118_119_120_121_122_123_124_125_126_127_128,36,8128,64501,62746,59149,-1
856617,NULL,500,200,1,219_19_16_15_15_15_15_2_1,118_119_120_121_122_123_124_125_126_127_128,37,8128,64501,63581,59316,-1
136763,NULL,500,200,1,7_6_3_3_3_3_3_2_2_2_1,118_119_120_121_122_123_124_125_126_127_128,38,8128,64501,62171,59034,-1
248038,NULL,500,200,1,5_5_1,118_119_120_121_122_123_124_125_126_127_128,39,8128,64501,62051,59010,-1
11616,NULL,500,200,1,1,118_119_120_121_122_123_124_125_126_127_128,40,8128,64501,62001,59000,-1
473199,NULL,500,200,1,321_320_308_15_3_3_3_2_2_2_1,118_119_120_121_122_123_124_125_126_127_128,41,8128,64501,66896,59979,-1
950427,NULL,500,200,1,437_437_430_7_6_5_5_5_5_5_1,118_119_120_121_122_123_124_125_126_127_128,42,8128,64501,68711,60342,-1
520071,NULL,500,200,1,13_13_9_1,119_120_121_122_123_124_125_126_127_128,43,8128,64501,62676,59535,-1
719362,NULL,500,200,1,34_24_17_17_17_17_17_5_1,119_120_121_122_123_124_125_126_127_128,44,8128,64501,63241,59648,-1
163538,NULL,500,200,1,165_79_41_41_41_39_36_34_30_1,119_120_121_122_123_124_125_126_127_128,45,8128,64501,65031,60006,-1
59585,NULL,500,200,1,1,119_120_121_122_123_124_125_126_127_128,46,8128,64501,62501,59500,-1
223269,NULL,500,200,1,1,119_120_121_122_123_124_125_126_127_128,47,8128,64501,62501,59500,-1
952670,NULL,500,200,1,65_60_54_15_2_2_2_2_2_1,118_119_120_121_122_123_124_125_126_127_128,48,8128,64501,63021,59204,-1
697235,NULL,500,200,1,181_173_7_1,118_119_120_121_122_123_124_125_126_127_128,49,8128,64501,63806,59361,-1
929771,NULL,500,200,1,43_42_12_4_1,119_120_121_122_123_124_125_126_127_128,50,8128,64501,63006,59601,-1
774914,NULL,500,200,1,446_289_197_184_182_182_182_181_6_1,118_119_120_121_122_123_124_125_126_127_128,51,8128,64501,71246,60849,-1
260829,NULL,500,200,1,49_2_1,119_120_121_122_123_124_125_126_127_128,52,8128,64501,62756,59551,-1
191362,NULL,500,200,1,324_300_7_1,119_120_121_122_123_124_125_126_127_128,53,8128,64501,65656,60131,-1
612630,NULL,500,200,1,15_15_13_13_10_10_10_10_3_1,119_120_121_122_123_124_125_126_127_128,54,8128,64501,62996,59599,-1
141531,NULL,500,200,1,221_35_17_17_15_9_8_8_6_1,119_120_121_122_123_124_125_126_127_128,55,8128,64501,64181,59836,-1
484078,NULL,500,200,1,32_27_24_21_15_9_5_2_1,119_120_121_122_123_124_125_126_127_128,56,8128,64501,63176,59635,-1
538094,NULL,500,200,1,4_4_4_3_2_0,119_120_121_122_123_124_125_126_127_128,57,8128,64501,62585,59517,-1
252498,NULL,500,200,1,86_72_5_3_3_3_3_3_3_1,119_120_121_122_123_124_125_126_127_128,58,8128,64501,63406,59681,-1
971107,NULL,500,200,1,328_286_9_4_4_4_4_4_3_1,119_120_121_122_123_124_125_126_127_128,59,8128,64501,65731,60146,-1
58347,NULL,500,200,1,1,119_120_121_122_123_124_125_126_127_128,60,8128,64501,62501,59500,-1
924362,NULL,500,200,1,1,119_120_121_122_123_124_125_126_127_128,61,8128,64501,62501,59500,-1
40403,NULL,500,200,1,56_25_1_1_1_1_1_1_1_1,119_120_121_122_123_124_125_126_127_128,62,8128,64501,62941,59588,-1
967967,NULL,500,200,1,1,119_120_121_122_123_124_125_126_127_128,63,8128,64501,62501,59500,-1
410442,NULL,500,200,1,12_12_12_5_2_1,119_120_121_122_123_124_125_126_127_128,64,8128,64501,62716,59543,-1
151599,NULL,500,200,1,7_4_1,119_120_121_122_123_124_125_126_127_128,65,8128,64501,62556,59511,-1
624679,NULL,500,200,1,118_40_7_7_7_7_7_5_5_1,119_120_121_122_123_124_125_126_127_128,66,8128,64501,63516,59703,-1
708184,NULL,500,200,1,23_20_7_2_2_2_2_2_2_1,119_120_121_122_123_124_125_126_127_128,67,8128,64501,62811,59562,-1
396424,NULL,500,200,1,32_30_4_3_2_1,119_120_121_122_123_124_125_126_127_128,68,8128,64501,62856,59571,-1
476106,NULL,500,200,1,231_137_132_84_80_79_79_79_72_23_1,118_119_120_121_122_123_124_125_126_127_128,69,8128,64501,66981,59996,-1
667539,NULL,500,200,1,274_259_2_1,119_120_121_122_123_124_125_126_127_128,70,8128,64501,65176,60035,-1
273583,NULL,500,200,1,89_50_46_45_45_44_41_30_2_1,119_120_121_122_123_124_125_126_127_128,71,8128,64501,64461,59892,-1
312416,NULL,500,200,1,135_129_3_3_3_3_3_3_3_1,119_120_121_122_123_124_125_126_127_128,72,8128,64501,63926,59785,-1
698699,NULL,500,200,1,5_1,119_120_121_122_123_124_125_126_127_128,73,8128,64501,62526,59505,-1
455863,NULL,500,200,1,28_24_12_1,119_120_121_122_123_124_125_126_127_128,74,8128,64501,62821,59564,-1
834472,NULL,500,200,1,3_3_3_2_1_1,119_120_121_122_123_124_125_126_127_128,75,8128,64501,62561,59512,-1
445837,NULL,500,200,1,6_6_2_2_2_2_2_2_2_1,119_120_121_122_123_124_125_126_127_128,76,8128,64501,62631,59526,-1
725741,NULL,500,200,1,9_9_9_2_1,118_119_120_121_122_123_124_125_126_127_128,77,8128,64501,62146,59029,-1
545746,NULL,500,200,1,19_19_19_14_2_1,118_119_120_121_122_123_124_125_126_127_128,78,8128,64501,62366,59073,-1
238518,NULL,500,200,1,11_11_11_3_3_2_2_1,118_119_120_121_122_123_124_125_126_127_128,79,8128,64501,62216,59043,-1
364423,NULL,500,200,1,395_163_49_42_39_39_39_39_38_19_1,118_119_120_121_122_123_124_125_126_127_128,80,8128,64501,66311,59862,-1
558270,NULL,500,200,1,497_76_56_53_51_51_51_50_23_1,118_119_120_121_122_123_124_125_126_127_128,81,8128,64501,66541,59908,-1
472558,NULL,500,200,1,5_5_5_3_1_1,119_120_121_122_123_124_125_126_127_128,82,8128,64501,62596,59519,-1
704357,NULL,500,200,1,3_2_2_2_2_2_2_1,119_120_121_122_123_124_125_126_127_128,83,8128,64501,62576,59515,-1
674000,NULL,500,200,1,259_240_24_24_24_21_1,119_120_121_122_123_124_125_126_127_128,84,8128,64501,65461,60092,-1
694542,NULL,500,200,1,90_53_31_31_31_30_28_10_1,119_120_121_122_123_124_125_126_127_128,85,8128,64501,64021,59804,-1
243894,NULL,500,200,1,24_23_3_1,119_120_121_122_123_124_125_126_127_128,86,8128,64501,62751,59550,-1
867001,NULL,500,200,1,66_48_16_16_15_14_5_4_4_1,119_120_121_122_123_124_125_126_127_128,87,8128,64501,63441,59688,-1
914365,NULL,500,200,1,4_3_3_3_2_2_1,119_120_121_122_123_124_125_126_127_128,88,8128,64501,62586,59517,-1
357978,NULL,500,200,1,13_10_2_2_2_2_1,119_120_121_122_123_124_125_126_127_128,89,8128,64501,62656,59531,-1
902002,NULL,500,200,1,243_235_5_1,119_120_121_122_123_124_125_126_127_128,90,8128,64501,64916,59983,-1
476449,NULL,500,200,1,491_441_428_417_417_416_403_67_1,119_120_121_122_123_124_125_126_127_128,91,8128,64501,77901,62580,-1
271658,NULL,500,200,1,15_10_10_10_10_10_9_2_1,119_120_121_122_123_124_125_126_127_128,92,8128,64501,62881,59576,-1
62404,NULL,500,200,1,8_5_4_4_4_4_4_2_2_1,119_120_121_122_123_124_125_126_127_128,93,8128,64501,62686,59537,-1
686552,NULL,500,200,1,89_10_5_3_2_1,119_120_121_122_123_124_125_126_127_128,94,8128,64501,63046,59609,-1
687927,NULL,500,200,1,18_16_11_6_5_5_1,119_120_121_122_123_124_125_126_127_128,95,8128,64501,62806,59561,-1
