qid,WChoice,NumMachine,NumForEach,k,LevelRs,Pivots,RepeatTime,MatCost,NaiveCost,Cost,QCost,EstResSite
959591,NULL,200,500,1,200_200_200_194_143_51_23_9_5_1,42_84_126_168_210_252_294_336_378_420,0,87990,84201,56751,51450,NULL
535883,NULL,200,500,1,74_21_12_8_4_4_4_1,196_216_236_256_276_296_316_336_356_376_396_420,1,87990,84201,43449,41740,200.0_200.0_200.0_200.0_200.0_200.0_200.0_200.0_200.0_200.0_200.0_200.0_200.0_200.0_200.0_200.0_200.0_200.0_200.0_200.0_200.0_200.0_200.0_200.0_200.0_200.0_200.0_200.0_200.0_200.0_200.0_200.0_200.0_200.0_200.0_200.0_200.0_200.0_200.0_200.0_200.0_200.0_200.0_200.0_200.0_200.0_200.0_200.0_200.0_200.0_200.0_200.0_200.0_200.0_200.0_200.0_200.0_200.0_200.0_200.0_200.0_200.0_200.0_200.0_200.0_200.0_200.0_200.0_200.0_200.0_200.0_200.0_200.0_200.0_200.0_200.0_200.0_200.0_200.0_200.0_200.0_200.0_200.0_200.0_200.0_200.0_200.0_200.0_200.0_200.0_200.0_200.0_200.0_200.0_200.0_200.0_200.0_200.0_200.0_200.0_200.0_200.0_200.0_200.0_200.0_200.0_200.0_200.0_200.0_200.0_200.0_200.0_200.0_200.0_200.0_200.0_200.0_200.0_200.0_200.0_200.0_200.0_200.0_200.0_200.0_200.0_200.0_199.8571_199.7143_199.5714_199.4286_199.2857_199.1429_199.0_198.8571_198.7143_198.5714_198.4286_198.2857_198.1429_198.0_197.8571_197.7143_197.5714_197.4286_197.2857_197.1429_197.0_196.8571_196.7143_196.5714_196.4286_196.2857_196.1429_196.0_195.8571_195.7143_195.5714_195.4286_195.2857_195.1429_195.0_194.8571_194.7143_194.5714_194.4286_194.2857_194.1429_194.0_192.7857_191.5714_190.3571_189.1429_187.9286_186.7143_185.5_184.2857_183.0714_181.8571_180.6429_179.4286_178.2143_177.0_175.7857_174.5714_173.3571_172.1429_170.9286_169.7143_168.5_167.2857_166.0714_164.8571_163.6429_162.4286_161.2143_160.0_158.7857_157.5714_156.3571_155.1429_153.9286_152.7143_151.5_150.2857_149.0714_147.8571_146.6429_145.4286_144.2143_143.0_140.8095_138.619_136.4286_134.2381_132.0476_129.8571_127.6667_125.4762_123.2857_121.0952_118.9048_116.7143_114.5238_112.3333_110.1429_107.9524_105.7619_103.5714_101.381_99.1905_97.0_94.8095_92.619_90.4286_88.2381_86.0476_83.8571_81.6667_79.4762_77.2857_75.0952_72.9048_70.7143_68.5238_66.3333_64.1429_61.9524_59.7619_57.5714_55.381_53.1905_51.0_50.3333_49.6667_49.0_48.3333_47.6667_47.0_46.3333_45.6667_45.0_44.3333_43.6667_43.0_42.3333_41.6667_41.0_40.3333_39.6667_39.0_38.3333_37.6667_37.0_36.3333_35.6667_35.0_34.3333_33.6667_33.0_32.3333_31.6667_31.0_30.3333_29.6667_29.0_28.3333_27.6667_27.0_26.3333_25.6667_25.0_24.3333_23.6667_23.0_22.6667_22.3333_22.0_21.6667_21.3333_21.0_20.6667_20.3333_20.0_19.6667_19.3333_19.0_18.6667_18.3333_18.0_17.6667_17.3333_17.0_16.6667_16.3333_16.0_15.6667_15.3333_15.0_14.6667_14.3333_14.0_13.6667_13.3333_13.0_12.6667_12.3333_12.0_11.6667_11.3333_11.0_10.6667_10.3333_10.0_9.6667_9.3333_9.0_8.9048_8.8095_8.7143_8.619_8.5238_8.4286_8.3333_8.2381_8.1429_8.0476_7.9524_7.8571_7.7619_7.6667_7.5714_7.4762_7.381_7.2857_7.1905_7.0952_7.0_6.9048_6.8095_6.7143_6.619_6.5238_6.4286_6.3333_6.2381_6.1429_6.0476_5.9524_5.8571_5.7619_5.6667_5.5714_5.4762_5.381_5.2857_5.1905_5.0952_5.0_4.9048_4.8095_4.7143_4.619_4.5238_4.4286_4.3333_4.2381_4.1429_4.0476_3.9524_3.8571_3.7619_3.6667_3.5714_3.4762_3.381_3.2857_3.1905_3.0952_3.0_2.9048_2.8095_2.7143_2.619_2.5238_2.4286_2.3333_2.2381_2.1429_2.0476_1.9524_1.8571_1.7619_1.6667_1.5714_1.4762_1.381_1.2857_1.1905_1.0952_1.0
550234,NULL,200,500,1,200_200_199_177_131_75_40_19_7_3_1,100_129_158_187_216_245_274_303_332_361_390_420,2,87990,84201,55884,50479,-1
472088,NULL,200,500,1,194_150_96_58_20_7_6_3_2_2_1,129_158_187_216_245_274_303_332_361_390_420,3,87990,84201,44757,41404,-1
187914,NULL,200,500,1,200_190_149_92_51_27_18_9_5_2_1,154_178_202_226_250_274_298_322_346_370_394_420,4,87990,84201,52805,48632,-1
37322,NULL,200,500,1,40_9_3_3_2_1,156_180_204_228_252_276_300_324_348_372_396_420,5,87990,84201,33997,32568,-1
395402,NULL,200,500,1,200_200_193_91_32_15_4_1,106_134_162_190_218_246_274_302_330_358_386_420,6,87990,84201,45921,41780,-1
500767,NULL,200,500,1,200_200_199_189_139_52_23_6_3_1,106_134_162_190_218_246_274_302_330_358_386_420,7,87990,84201,54753,49508,-1
770647,NULL,200,500,1,200_200_193_118_35_22_9_3_2_1,134_162_190_218_246_274_302_330_358_386_420,8,87990,84201,53025,48696,-1
337587,NULL,200,500,1,200_184_72_20_8_3_2_1,135_163_191_219_247_275_303_331_359_387_420,9,87990,84201,43849,40692,-1
964270,NULL,200,500,1,176_123_82_43_24_17_13_11_6_2_1,166_186_206_226_246_266_286_306_326_346_366_386_420,10,87990,84201,46329,43140,-1
112154,NULL,200,500,1,194_160_93_56_31_19_10_7_6_5_3_2_1,172_192_212_232_252_272_292_312_332_352_372_392_420,11,87990,84201,49681,46136,-1
653421,NULL,200,500,1,189_143_77_45_23_14_5_2_1,172_192_212_232_252_272_292_312_332_352_372_392_420,12,87990,84201,47553,44360,-1
28519,NULL,200,500,1,51_32_25_17_13_7_4_3_2_1,174_194_214_234_254_274_294_314_334_354_374_394_420,13,87990,84201,39697,37880,-1
218449,NULL,200,500,1,200_198_181_135_86_61_36_23_13_8_3_1,154_177_200_223_246_269_292_315_338_361_384_420,14,87990,84201,57528,52551,-1
126901,NULL,200,500,1,200_200_180_143_106_61_29_14_5_3_3_1,154_177_200_223_246_269_292_315_338_361_384_420,15,87990,84201,57528,52551,-1
972396,NULL,200,500,1,198_164_92_59_33_19_11_8_4_4_3_1,157_180_203_226_249_272_295_318_341_364_387_420,16,87990,84201,48696,45115,-1
675023,NULL,200,500,1,195_174_117_66_36_9_7_4_2_1,172_192_212_232_252_272_292_312_332_352_372_392_420,17,87990,84201,50241,46600,-1
550782,NULL,200,500,1,187_124_75_38_26_10_9_6_6_4_3_3_1,173_193_213_233_253_273_293_313_333_353_373_393_420,18,87990,84201,47606,44441,-1
857430,NULL,200,500,1,49_30_19_13_7_7_7_7_5_2_2_1,174_194_214_234_254_274_294_314_334_354_374_394_420,19,87990,84201,39553,37760,-1
946865,NULL,200,500,1,198_170_95_43_24_12_6_4_1,171_191_211_231_251_271_291_311_331_351_371_391_420,20,87990,84201,48649,45240,-1
375012,NULL,200,500,1,152_81_29_11_8_5_4_4_3_3_2_1,172_192_212_232_252_272_292_312_332_352_372_392_420,21,87990,84201,42849,40440,-1
856800,NULL,200,500,1,138_76_25_9_4_3_2_2_1,172_192_212_232_252_272_292_312_332_352_372_392_420,22,87990,84201,41817,39580,-1
288335,NULL,200,500,1,196_170_141_81_41_23_12_9_3_2_1,171_191_211_231_251_271_291_311_331_351_371_391_420,23,87990,84201,51673,47760,-1
699847,NULL,200,500,1,14_6_1,172_192_212_232_252_272_292_312_332_352_372_392_420,24,87990,84201,36081,34800,-1
823503,NULL,200,500,1,200_181_106_47_15_5_3_2_2_1,126_155_184_213_242_271_300_329_358_387_420,25,87990,84201,44914,41469,-1
375536,NULL,200,500,1,197_151_87_29_11_5_3_3_3_2_1,127_156_185_214_243_272_301_330_359_388_420,26,87990,84201,42810,39645,-1
652238,NULL,200,500,1,144_77_36_24_18_7_4_2_1,127_156_185_214_243_272_301_330_359_388_420,27,87990,84201,36897,34448,-1
725483,NULL,200,500,1,180_99_59_31_19_10_7_1,127_156_185_214_243_272_301_330_359_388_420,28,87990,84201,39966,37145,-1
87870,NULL,200,500,1,200_198_182_99_35_15_8_6_2_2_1,127_156_185_214_243_272_301_330_359_388_420,29,87990,84201,51258,47069,-1
757348,NULL,200,500,1,152_44_6_2_1,127_156_185_214_243_272_301_330_359_388_420,30,87990,84201,33333,31316,-1
194751,NULL,200,500,1,33_18_12_8_7_5_3_3_2_1,127_156_185_214_243_272_301_330_359_388_420,31,87990,84201,29604,28039,-1
288125,NULL,200,500,1,200_194_123_65_27_19_13_8_7_4_1,125_154_183_212_241_270_299_328_357_386_420,32,87990,84201,48001,44160,-1
239807,NULL,200,500,1,109_41_19_6_4_3_2_1,125_154_183_212_241_270_299_328_357_386_420,33,87990,84201,32273,30336,-1
282879,NULL,200,500,1,200_200_192_154_85_37_23_12_6_4_2_1,99_128_157_186_215_244_273_302_331_360_389_420,34,87990,84201,51200,46339,-1
937959,NULL,200,500,1,200_200_200_180_127_88_35_17_10_5_1,125_154_183_212_241_270_299_328_357_386_420,35,87990,84201,61272,55823,-1
430860,NULL,200,500,1,200_199_160_75_26_10_5_3_1,125_154_183_212_241_270_299_328_357_386_420,36,87990,84201,48575,44662,-1
851636,NULL,200,500,1,175_109_58_33_20_10_7_4_3_2_1,126_155_184_213_242_271_300_329_358_387_420,37,87990,84201,40302,37417,-1
135967,NULL,200,500,1,68_68_68_68_68_68_68_68_68_68_68,126_155_184_213_242_271_300_329_358_387_420,38,87990,84201,49195,45192,-1
246596,NULL,200,500,1,200_200_191_138_80_50_31_13_7_4_3_1,99_128_157_186_215_244_273_302_331_360_389_420,39,87990,84201,51268,46399,-1
11548,NULL,200,500,1,184_114_43_18_9_7_5_2_1,125_154_183_212_241_270_299_328_357_386_420,40,87990,84201,38807,36078,-1
470447,NULL,200,500,1,199_183_92_40_24_7_3_2_1,125_154_183_212_241_270_299_328_357_386_420,41,87990,84201,44351,40950,-1
944901,NULL,200,500,1,200_200_182_134_76_30_10_1,125_154_183_212_241_270_299_328_357_386_420,42,87990,84201,53657,49128,-1
517046,NULL,200,500,1,91_24_8_2_1,126_155_184_213_242_271_300_329_358_387_420,43,87990,84201,30526,28825,-1
715179,NULL,200,500,1,200_198_154_45_17_9_4_4_3_1,125_154_183_212_241_270_299_328_357_386_420,44,87990,84201,47123,43386,-1
162587,NULL,200,500,1,200_200_200_185_152_70_25_11_5_2_1,125_154_183_212_241_270_299_328_357_386_420,45,87990,84201,60861,55460,-1
59239,NULL,200,500,1,200_198_182_140_71_45_24_8_6_2_1,125_154_183_212_241_270_299_328_357_386_420,46,87990,84201,55119,50414,-1
221971,NULL,200,500,1,200_200_192_159_58_29_8_3_1,126_155_184_213_242_271_300_329_358_387_420,47,87990,84201,54418,49821,-1
947130,NULL,200,500,1,199_184_118_65_39_22_12_6_3_2_1,126_155_184_213_242_271_300_329_358_387_420,48,87990,84201,47859,44058,-1
693181,NULL,200,500,1,199_162_65_25_10_4_3_1,126_155_184_213_242_271_300_329_358_387_420,49,87990,84201,41845,38772,-1
924365,NULL,200,500,1,200_199_191_161_100_54_19_6_1,126_155_184_213_242_271_300_329_358_387_420,50,87990,84201,57091,52170,-1
770408,NULL,200,500,1,200_171_18_7_3_2_1,127_156_185_214_243_272_301_330_359_388_420,51,87990,84201,39834,37029,-1
259312,NULL,200,500,1,200_196_125_51_26_17_9_4_3_2_1,127_156_185_214_243_272_301_330_359_388_420,52,87990,84201,47496,43763,-1
190249,NULL,200,500,1,154_71_31_14_8_5_4_4_3_2_1,127_156_185_214_243_272_301_330_359_388_420,53,87990,84201,36375,33990,-1
609068,NULL,200,500,1,200_183_118_45_22_15_6_4_3_3_1,127_156_185_214_243_272_301_330_359_388_420,54,87990,84201,46377,42780,-1
140708,NULL,200,500,1,200_197_144_45_15_9_5_3_1,127_156_185_214_243_272_301_330_359_388_420,55,87990,84201,46995,43322,-1
481263,NULL,200,500,1,187_133_70_40_24_13_4_4_3_1,127_156_185_214_243_272_301_330_359_388_420,56,87990,84201,42375,39262,-1
534965,NULL,200,500,1,200_190_144_85_51_29_13_4_2_1,127_156_185_214_243_272_301_330_359_388_420,57,87990,84201,50295,46222,-1
251030,NULL,200,500,1,200_197_167_88_19_5_1,128_157_186_215_244_273_302_331_360_389_420,58,87990,84201,49109,45204,-1
965460,NULL,200,500,1,57_30_18_11_6_3_1,132_160_188_216_244_272_300_328_356_384_420,59,87990,84201,31601,29900,-1
58008,NULL,200,500,1,200_192_131_80_35_20_17_11_8_3_1,132_160_188_216_244_272_300_328_356_384_420,60,87990,84201,49929,45940,-1
918987,NULL,200,500,1,200_197_164_77_34_18_10_5_2_1,132_160_188_216_244_272_300_328_356_384_420,61,87990,84201,50225,46196,-1
40168,NULL,200,500,1,200_200_185_117_75_41_22_11_5_1,132_160_188_216_244_272_300_328_356_384_420,62,87990,84201,54993,50368,-1
962338,NULL,200,500,1,200_199_173_88_36_14_5_3_2_1,132_160_188_216_244_272_300_328_356_384_420,63,87990,84201,50641,46560,-1
408055,NULL,200,500,1,200_200_200_191_149_96_39_10_5_4_1,132_160_188_216_244_272_300_328_356_384_420,64,87990,84201,62641,57064,-1
150717,NULL,200,500,1,199_161_58_23_10_1,132_160_188_216_244_272_300_328_356_384_420,65,87990,84201,42033,39028,-1
621046,NULL,200,500,1,199_171_91_50_28_9_4_3_3_2_1,132_160_188_216_244_272_300_328_356_384_420,66,87990,84201,45537,42096,-1
704066,NULL,200,500,1,199_199_176_116_51_20_9_5_3_2_1,132_160_188_216_244_272_300_328_356_384_420,67,87990,84201,52577,48256,-1
394119,NULL,200,500,1,200_200_159_77_34_15_5_2_2_1,133_161_189_217_245_273_301_329_357_385_420,68,87990,84201,50009,46032,-1
473337,NULL,200,500,1,200_154_57_24_12_5_5_3_1,133_161_189_217_245_273_301_329_357_385_420,69,87990,84201,42521,39480,-1
663657,NULL,200,500,1,198_118_21_7_3_1,133_161_189_217_245_273_301_329_357_385_420,70,87990,84201,38905,36316,-1
271992,NULL,200,500,1,197_150_73_32_14_6_1,146_170_194_218_242_266_290_314_338_362_386_420,71,87990,84201,43617,40528,-1
310600,NULL,200,500,1,147_80_47_33_24_15_12_4_3_2_2_1,147_171_195_219_243_267_291_315_339_363_387_420,72,87990,84201,40951,38274,-1
694636,NULL,200,500,1,197_130_46_16_6_6_5_5_4_3_2_1,146_170_194_218_242_266_290_314_338_362_386_420,73,87990,84201,42181,39300,-1
453212,NULL,200,500,1,158_71_36_23_12_9_6_3_3_3_3_1,147_171_195_219_243_267_291_315_339_363_387_420,74,87990,84201,39784,37275,-1
829619,NULL,200,500,1,200_180_133_88_47_23_16_8_4_2_1,147_171_195_219_243_267_291_315_339_363_387_420,75,87990,84201,50229,46224,-1
443245,NULL,200,500,1,43_11_6_3_3_2_1,147_171_195_219_243_267_291_315_339_363_387_420,76,87990,84201,32505,31032,-1
721521,NULL,200,500,1,82_27_9_4_3_2_1,146_170_194_218_242_266_290_314_338_362_386_420,77,87990,84201,33957,32248,-1
542572,NULL,200,500,1,200_194_134_71_24_12_4_3_2_2_2_1,146_170_194_218_242_266_290_314_338_362_386_420,78,87990,84201,48565,44772,-1
