qid,WChoice,NumMachine,NumForEach,k,LevelRs,Pivots,RepeatTime,MatCost,NaiveCost,Cost,QCost,EstResSite
965203,NULL,500,200,1,500_500_499_438_202_63_21_10_4_1,12_24_36_48_60_72_84_96_108_128,0,8128,64501,44825,32876,NULL
539018,NULL,500,200,1,420_277_66_31_9_1,60_72_84_96_108_128,1,8128,64501,45921,39708,500.0_500.0_500.0_500.0_500.0_500.0_500.0_500.0_500.0_500.0_500.0_500.0_500.0_500.0_500.0_500.0_500.0_500.0_500.0_500.0_500.0_500.0_500.0_500.0_500.0_499.9167_499.8333_499.75_499.6667_499.5833_499.5_499.4167_499.3333_499.25_499.1667_499.0833_499.0_493.9167_488.8333_483.75_478.6667_473.5833_468.5_463.4167_458.3333_453.25_448.1667_443.0833_438.0_418.3333_398.6667_379.0_359.3333_339.6667_320.0_300.3333_280.6667_261.0_241.3333_221.6667_202.0_190.4167_178.8333_167.25_155.6667_144.0833_132.5_120.9167_109.3333_97.75_86.1667_74.5833_63.0_59.5_56.0_52.5_49.0_45.5_42.0_38.5_35.0_31.5_28.0_24.5_21.0_20.0833_19.1667_18.25_17.3333_16.4167_15.5_14.5833_13.6667_12.75_11.8333_10.9167_10.0_9.5_9.0_8.5_8.0_7.5_7.0_6.5_6.0_5.5_5.0_4.5_4.0_3.85_3.7_3.55_3.4_3.25_3.1_2.95_2.8_2.65_2.5_2.35_2.2_2.05_1.9_1.75_1.6_1.45_1.3_1.15_1.0
553452,NULL,500,200,1,200_102_36_18_13_1,60_72_84_96_108_128,2,8128,64501,39009,34532,-1
474849,NULL,500,200,1,146_68_35_19_6_1,56_70_84_98_112_128,3,8128,64501,35945,31848,-1
189013,NULL,500,200,1,383_91_33_15_4_2_1,42_56_70_84_98_112_128,4,8128,64501,33509,28396,-1
37540,NULL,500,200,1,471_218_111_32_11_3_1,42_56_70_84_98_112_128,5,8128,64501,39235,32850,-1
397715,NULL,500,200,1,130_39_19_10_5_1,42_56_70_84_98_112_128,6,8128,64501,27655,23842,-1
503696,NULL,500,200,1,328_24_3_2_2_1,42_56_70_84_98_112_128,7,8128,64501,30463,26026,-1
775155,NULL,500,200,1,172_53_21_9_4_1,42_56_70_84_98_112_128,8,8128,64501,28663,24626,-1
339562,NULL,500,200,1,500_481_307_67_12_3_1,28_42_56_70_84_98_112_128,9,8128,64501,41661,33180,-1
969910,NULL,500,200,1,161_40_7_6_3_1,42_56_70_84_98_112_128,10,8128,64501,27907,24038,-1
112810,NULL,500,200,1,465_372_250_132_73_48_15_1,28_42_56_70_84_98_112_128,11,8128,64501,41421,33000,-1
657243,NULL,500,200,1,500_479_300_96_20_4_1,42_56_70_84_98_112_128,12,8128,64501,49191,40594,-1
28686,NULL,500,200,1,458_276_96_30_16_4_1,42_56_70_84_98_112_128,13,8128,64501,39849,33328,-1
219726,NULL,500,200,1,314_139_37_11_2_1,42_56_70_84_98_112_128,14,8128,64501,33055,28042,-1
127643,NULL,500,200,1,490_355_162_69_21_9_1,42_56_70_84_98_112_128,15,8128,64501,43927,36502,-1
978083,NULL,500,200,1,489_393_191_73_27_10_1,42_56_70_84_98_112_128,16,8128,64501,45315,37582,-1
678971,NULL,500,200,1,494_404_149_48_9_2_1,42_56_70_84_98_112_128,17,8128,64501,43913,36488,-1
554003,NULL,500,200,1,350_127_46_19_10_5_1,42_56_70_84_98_112_128,18,8128,64501,34037,28808,-1
862445,NULL,500,200,1,387_156_39_9_6_4_1,42_56_70_84_98_112_128,19,8128,64501,34827,29422,-1
952403,NULL,500,200,1,497_335_113_35_17_4_1,42_56_70_84_98_112_128,20,8128,64501,42027,35022,-1
377205,NULL,500,200,1,497_405_233_85_30_7_1,42_56_70_84_98_112_128,21,8128,64501,46641,38612,-1
861812,NULL,500,200,1,498_457_283_79_24_9_1,42_56_70_84_98_112_128,22,8128,64501,48319,39918,-1
290022,NULL,500,200,1,494_437_247_100_18_6_1,42_56_70_84_98_112_128,23,8128,64501,47449,39240,-1
703940,NULL,500,200,1,345_236_135_49_11_1,56_70_84_98_112_128,24,8128,64501,44991,38886,-1
828320,NULL,500,200,1,367_113_21_7_4_1,56_70_84_98_112_128,25,8128,64501,40225,35176,-1
377732,NULL,500,200,1,183_34_7_2_1,56_70_84_98_112_128,26,8128,64501,35069,31164,-1
656053,NULL,500,200,1,70_42_18_9_6_5_1,42_56_70_84_98_112_128,27,8128,64501,26711,23110,-1
729727,NULL,500,200,1,387_236_93_43_18_5_1,42_56_70_84_98_112_128,28,8128,64501,38087,31958,-1
88384,NULL,500,200,1,376_135_15_5_2_1,42_56_70_84_98_112_128,29,8128,64501,33595,28462,-1
761778,NULL,500,200,1,484_197_26_11_5_3_1,42_56_70_84_98_112_128,30,8128,64501,37075,31170,-1
195890,NULL,500,200,1,489_393_233_86_16_2_1,42_56_70_84_98_112_128,31,8128,64501,45947,38070,-1
289810,NULL,500,200,1,482_354_71_15_3_2_1,42_56_70_84_98_112_128,32,8128,64501,40691,33982,-1
241210,NULL,500,200,1,493_455_334_96_30_6_1,42_56_70_84_98_112_128,33,8128,64501,49465,40808,-1
284534,NULL,500,200,1,23_5_3_1,56_70_84_98_112_128,34,8128,64501,31559,28434,-1
943446,NULL,500,200,1,428_240_122_48_16_9_1,42_56_70_84_98_112_128,35,8128,64501,39553,33100,-1
433380,NULL,500,200,1,386_191_77_47_17_13_1,42_56_70_84_98_112_128,36,8128,64501,37185,31260,-1
856617,NULL,500,200,1,435_65_14_5_2_1,42_56_70_84_98_112_128,37,8128,64501,33379,28294,-1
136763,NULL,500,200,1,399_105_25_5_3_2_1,42_56_70_84_98_112_128,38,8128,64501,33707,28550,-1
248038,NULL,500,200,1,134_47_18_9_6_2_1,42_56_70_84_98_112_128,39,8128,64501,27893,24028,-1
11616,NULL,500,200,1,21_1,42_56_70_84_98_112_128,40,8128,64501,24379,21294,-1
473199,NULL,500,200,1,495_481_367_145_53_13_1,42_56_70_84_98_112_128,41,8128,64501,51999,42782,-1
950427,NULL,500,200,1,293_135_63_29_15_6_1,42_56_70_84_98_112_128,42,8128,64501,33751,28586,-1
520071,NULL,500,200,1,483_314_119_31_6_1,42_56_70_84_98_112_128,43,8128,64501,41155,34342,-1
719362,NULL,500,200,1,439_298_145_33_10_4_1,42_56_70_84_98_112_128,44,8128,64501,40731,34014,-1
163538,NULL,500,200,1,424_227_73_27_5_2_1,42_56_70_84_98_112_128,45,8128,64501,37649,31616,-1
59585,NULL,500,200,1,420_247_68_9_1,42_56_70_84_98_112_128,46,8128,64501,37393,31416,-1
223269,NULL,500,200,1,378_60_10_2_2_1,42_56_70_84_98_112_128,47,8128,64501,32137,27328,-1
952670,NULL,500,200,1,490_339_83_37_21_4_1,42_56_70_84_98_112_128,48,8128,64501,41541,34644,-1
697235,NULL,500,200,1,491_379_120_22_6_1,42_56_70_84_98_112_128,49,8128,64501,42325,35252,-1
929771,NULL,500,200,1,497_390_164_68_35_9_1,42_56_70_84_98_112_128,50,8128,64501,44953,37300,-1
774914,NULL,500,200,1,368_57_12_6_2_1,42_56_70_84_98_112_128,51,8128,64501,32011,27230,-1
260829,NULL,500,200,1,495_389_118_29_5_2_1,42_56_70_84_98_112_128,52,8128,64501,42689,35536,-1
191362,NULL,500,200,1,62_31_18_14_9_5_1,42_56_70_84_98_112_128,53,8128,64501,26513,22956,-1
612630,NULL,500,200,1,290_90_31_17_10_3_1,42_56_70_84_98_112_128,54,8128,64501,31945,27180,-1
141531,NULL,500,200,1,478_393_234_78_23_9_1,42_56_70_84_98_112_128,55,8128,64501,45889,38028,-1
484078,NULL,500,200,1,490_416_191_43_6_1,42_56_70_84_98_112_128,56,8128,64501,44629,37044,-1
538094,NULL,500,200,1,202_45_19_8_4_3_1,42_56_70_84_98_112_128,57,8128,64501,29065,24940,-1
252498,NULL,500,200,1,405_225_133_66_32_13_1,42_56_70_84_98_112_128,58,8128,64501,39759,33262,-1
971107,NULL,500,200,1,432_256_118_54_22_6_1,42_56_70_84_98_112_128,59,8128,64501,39997,33444,-1
58347,NULL,500,200,1,130_7_1,42_56_70_84_98_112_128,60,8128,64501,26467,22918,-1
924362,NULL,500,200,1,485_310_96_9_2_1,42_56_70_84_98_112_128,61,8128,64501,40237,33628,-1
40403,NULL,500,200,1,7_5_1_1,42_56_70_84_98_112_128,62,8128,64501,24235,21182,-1
967967,NULL,500,200,1,469_239_47_10_1_1,42_56_70_84_98_112_128,63,8128,64501,37789,31724,-1
410442,NULL,500,200,1,267_108_40_6_4_2_1,42_56_70_84_98_112_128,64,8128,64501,31691,26982,-1
151599,NULL,500,200,1,458_258_49_17_8_4_1,42_56_70_84_98_112_128,65,8128,64501,38301,32124,-1
624679,NULL,500,200,1,490_459_383_186_56_7_1,42_56_70_84_98_112_128,66,8128,64501,52473,43148,-1
708184,NULL,500,200,1,469_161_65_23_8_3_1,42_56_70_84_98_112_128,67,8128,64501,37129,31212,-1
396424,NULL,500,200,1,386_221_63_23_8_4_1,42_56_70_84_98_112_128,68,8128,64501,36699,30878,-1
476106,NULL,500,200,1,478_268_99_26_8_2_1,42_56_70_84_98_112_128,69,8128,64501,39863,33338,-1
667539,NULL,500,200,1,17_5_3_2_2_1,42_56_70_84_98_112_128,70,8128,64501,24523,21406,-1
273583,NULL,500,200,1,496_388_114_45_9_3_1,42_56_70_84_98_112_128,71,8128,64501,42997,35776,-1
312416,NULL,500,200,1,301_78_21_11_4_2_1,42_56_70_84_98_112_128,72,8128,64501,31511,26842,-1
698699,NULL,500,200,1,470_357_155_38_12_1,42_56_70_84_98_112_128,73,8128,64501,42577,35448,-1
455863,NULL,500,200,1,467_313_171_83_27_5_1,42_56_70_84_98_112_128,74,8128,64501,43199,35934,-1
834472,NULL,500,200,1,48_15_11_7_3_2_1,42_56_70_84_98_112_128,75,8128,64501,25553,22208,-1
445837,NULL,500,200,1,205_82_39_21_10_6_1,42_56_70_84_98_112_128,76,8128,64501,30547,26094,-1
